L 1 "Src\Keytbl.c"
N#define  __KEYTBL_C__
N
N#include "Keytbl.h"
L 1 ".\Inc\Keytbl.h" 1
N#ifndef __KEYTBL_H__ 
N#define __KEYTBL_H__
N
N#ifdef __cplusplus
Sextern "C" {
N#endif
N
N#include "Type.h"
L 1 ".\Inc\Type.h" 1
N/****************************************************************************
N *   $Id:: type.h 6172 2011-01-13 18:22:51Z usb00423                        $
N *   Project: NXP LPC11xx software example
N *
N *   Description:
N *     This file contains different type definition.
N *
N ****************************************************************************
N * Software that is described herein is for illustrative purposes only
N * which provides customers with programming information regarding the
N * products. This software is supplied "AS IS" without any warranties.
N * NXP Semiconductors assumes no responsibility or liability for the
N * use of the software, conveys no license or title under any patent,
N * copyright, or mask work right to the product. NXP Semiconductors
N * reserves the right to make changes in the software without
N * notification. NXP Semiconductors also make no representation or
N * warranty that such application will be suitable for the specified
N * use without further testing or modification.
N****************************************************************************/
N#ifndef __TYPE_H__
N#define __TYPE_H__
N
N/* exact-width signed integer types */
Ntypedef signed char int8_t;
Ntypedef int8_t S8;
Ntypedef S8 RetS8;
Ntypedef signed short int int16_t;
Ntypedef int16_t S16;
Ntypedef S16 RetS16;
Ntypedef signed int int32_t;
Ntypedef int32_t S32;
Ntypedef S32 RetS32;
Ntypedef signed __int64 int64_t;
Ntypedef int64_t S64;
Ntypedef S64 RetS64;
N/*exact-width unsigned integer types */
Ntypedef unsigned char uint8_t;
Ntypedef uint8_t U8;
Ntypedef U8 RetU8;
Ntypedef unsigned short int uint16_t;
Ntypedef uint16_t U16;
Ntypedef U16 RetU16;
Ntypedef unsigned int uint32_t;
Ntypedef uint32_t U32;
Ntypedef U32 RetU32;
Ntypedef unsigned __int64 uint64_t;
Ntypedef uint64_t U64;
Ntypedef U64 RetU64;
N
Ntypedef U8 Boolean;
N
N// Dennis 16/5/2014
Ntypedef union
N{
N	U16 w;
N	U8 b[2];
N}u16;
N
Ntypedef union
N{
N	S16 w;
N	S8 b[2];
N}s16;
N
N#define BIT0 (1 << 0)
N#define BIT1 (1 << 1)
N#define BIT2 (1 << 2)
N#define BIT3 (1 << 3)
N#define BIT4 (1 << 4)
N#define BIT5 (1 << 5)
N#define BIT6 (1 << 6)
N#define BIT7 (1 << 7)
N#define BIT8 (1 << 8)
N#define BIT9 (1 << 9)
N#define BIT10 (1 << 10)
N#define BIT11 (1 << 11)
N#define BIT12 (1 << 12)
N#define BIT13 (1 << 13)
N#define BIT14 (1 << 14)
N#define BIT15 (1 << 15)
N#define BIT16 (1 << 16)
N#define BIT17 (1 << 17)
N#define BIT18 (1 << 18)
N#define BIT19 (1 << 19)
N#define BIT20 (1 << 20)
N#define BIT21 (1 << 21)
N#define BIT22 (1 << 22)
N#define BIT23 (1 << 23)
N#define BIT24 (1 << 24)
N#define BIT25 (1 << 25)
N#define BIT26 (1 << 26)
N#define BIT27 (1 << 27)
N#define BIT28 (1 << 28)
N#define BIT29 (1 << 29)
N#define BIT30 (1 << 30)
N#define BIT31 (1UL << 31)
N
N#ifndef NULL
N#define NULL ((void *)0)
N#endif
N
N#ifndef FALSE
N#define FALSE (0)
N#endif
N
N#ifndef TRUE
N#define TRUE (1)
N#endif
N
N#ifndef LOW
N#define LOW (0)
N#endif
N
N#ifndef HIGH
N#define HIGH (1)
N#endif
N
N#ifndef EMPTY
N#define EMPTY (0xFF)
N#endif
N
N#endif  /* __TYPE_H__ */
L 9 ".\Inc\Keytbl.h" 2
N#include "Main.h"
L 1 ".\Inc\Main.h" 1
N/*----------------------------------------------------------------------------
N *      Name:    MAIN.H
N *      Purpose: USB HID Demo Definitions
N *      Version: V1.20
N *----------------------------------------------------------------------------
N *      This software is supplied "AS IS" without any warranties, express,
N *      implied or statutory, including but not limited to the implied
N *      warranties of fitness for purpose, satisfactory quality and
N *      noninfringement. Keil extends you a royalty-free right to reproduce
N *      and distribute executable files created using this software for use
N *      on NXP Semiconductors LPC microcontroller devices only. Nothing else 
N *      gives you the right to use this software.
N *
N * Copyright (c) 2009 Keil - An ARM Company. All rights reserved.
N *---------------------------------------------------------------------------*/
N#ifndef __MAIN_H__
N#define __MAIN_H__
N
N#ifdef __cplusplus
Sextern "C" {
N#endif
N
N#include "Type.h"
N#include "usbcfg.h"
L 1 ".\Inc\usbcfg.h" 1
N/*----------------------------------------------------------------------------
N *      U S B  -  K e r n e l
N *----------------------------------------------------------------------------
N * Name:    usbcfg.h
N * Purpose: USB Custom Configuration
N * Version: V1.20
N *----------------------------------------------------------------------------
N *      This software is supplied "AS IS" without any warranties, express,
N *      implied or statutory, including but not limited to the implied
N *      warranties of fitness for purpose, satisfactory quality and
N *      noninfringement. Keil extends you a royalty-free right to reproduce
N *      and distribute executable files created using this software for use
N *      on NXP Semiconductors LPC family microcontroller devices only. Nothing 
N *      else gives you the right to use this software.
N *
N * Copyright (c) 2009 Keil - An ARM Company. All rights reserved.
N *----------------------------------------------------------------------------
N * History:
N *          V1.20 Added vendor specific support
N *          V1.00 Initial Version
N *----------------------------------------------------------------------------*/
N
N#ifndef __USBCFG_H__
N#define __USBCFG_H__
N
N
N//*** <<< Use Configuration Wizard in Context Menu >>> ***
N
N
N/*
N// <h> USB Configuration
N//   <o0> USB Power
N//        <i> Default Power Setting
N//        <0=> Bus-powered
N//        <1=> Self-powered
N//   <o1> Max Number of Interfaces <1-256>
N//   <o2> Max Number of Endpoints  <1-32>
N//   <o3> Max Setup Packet Size
N//        <8=> 8 Bytes <16=> 16 Bytes <32=> 32 Bytes <64=> 64 Bytes
N//   <o4> Max Endpoint 0 Packet Size
N//        <8=> 8 Bytes <16=> 16 Bytes <32=> 32 Bytes <64=> 64 Bytes
N//   <o5> Maximum non-isochronous packet size  <1-64>
N//   <o6> Maximum isochronous packet size  <1-1023>
N
N// </h>
N*/
N
N#define USB_POWER 0
N#define USB_IF_NUM 1
N#define USB_EP_NUM 4 // 10 dennis
N#define USB_SETUP_PACKET_SIZE 8
N#define USB_MAX_PACKET0 64
N#define USB_MAX_NON_ISO_SIZE 64
N#define USB_MAX_ISO_SIZE 1023
N#define USB_LOGIC_EP_NUM 5
N
N
N#if 1 // dennis 6/5/2014
N	#define USB_PACKET_SIZE 0x12
N#else
S	#define USB_PACKET_SIZE 8
N#endif	  
N
N/*
N// <h> Miscellaneous USB support
N//     <o0.0> Power Down USB Wake-up
N//     <o1.0> Remote Wake-up enable
N//     <o2.0> Use double-buffered endpoints
N//     <o3.0> Link Power Management Support
N//     <o4.0> Isochronous communications
N//     <o5.0> Use Debug
N// </h>
N*/
N
N/* If REMOTE_WAKEUP_ENABLE is set to 1, set POWERDOWN_MODE_USB_WAKEUP flag to 0.
N   Don't turn on both flags at the same time. */
N#define POWERDOWN_MODE_USB_WAKEUP   0
N#define REMOTE_WAKEUP_ENABLE        0
N#define USE_DOUBLE_BUFFER           0
N#define LPM_SUPPORT                 0	/* Link Power Management */
N#define USB_ISO_COMMUNICATION       0
N
N/*
N// <h> USB Event Handlers
N//   <h> Device Events
N//     <o0.0> Power Event
N//     <o1.0> Reset Event
N//     <o2.0> Suspend Event
N//     <o3.0> Resume Event
N//     <o4.0> Remote Wakeup Event
N//     <o5.0> Start of Frame Event
N//     <o6.0> Error Event
N//   </h>
N//   <h> Endpoint Events
N//     <o7.0>  Endpoint 0 Event
N//     <o7.1>  Endpoint 1 Event
N//     <o7.2>  Endpoint 2 Event
N//     <o7.3>  Endpoint 3 Event
N//     <o7.4>  Endpoint 4 Event
N//   </h>
N//   <h> USB Core Events
N//     <o8.0>  Set Configuration Event
N//     <o9.0>  Set Interface Event
N//     <o10.0> Set/Clear Feature Event
N//   </h>
N// </h>
N*/
N
N#define USB_POWER_EVENT     0
N#define USB_RESET_EVENT     1
N#define USB_SUSPEND_EVENT   1
N#define USB_RESUME_EVENT    1
N#define USB_WAKEUP_EVENT    0
N#define USB_SOF_EVENT       0
N#define USB_ERROR_EVENT     0
N#define USB_EP_EVENT 0x0003
N#define USB_CONFIGURE_EVENT 1
N#define USB_INTERFACE_EVENT 0
N#define USB_FEATURE_EVENT   0
N#define USB_FIQ_EVENT		0
N
N
N/*
N// <e0> USB Class Support
N//   <i> enables USB Class specific Requests
N//   <e1> Human Interface Device (HID)
N//     <o2> Interface Number <0-255>
N//   </e>
N//   <e3> Mass Storage
N//     <o4> Interface Number <0-255>
N//   </e>
N//   <e5> Audio Device
N//     <o6> Control Interface Number <0-255>
N//     <o7> Streaming Interface 1 Number <0-255>
N//     <o8> Streaming Interface 2 Number <0-255>
N//   </e>
N//   <e9> Communication Device
N//     <o10> Control Interface Number <0-255>
N//     <o11> Bulk Interface Number <0-255>
N//     <o12> Max Communication Device Buffer Size
N//        <8=> 8 Bytes <16=> 16 Bytes <32=> 32 Bytes <64=> 64 Bytes 
N//   </e>
N// </e>
N*/
N
N#define USB_CLASS 1
N#define USB_HID 1
N#define USB_HID_IF_NUM 0
N
N/*
N// <e0> USB Vendor Support
N//   <i> enables USB Vendor specific Requests
N// </e>
N*/
N#define USB_VENDOR 0
N#endif  /* __USBCFG_H__ */
N
L 25 ".\Inc\Main.h" 2
N//#include "Pixart_Sensor.h"
N
N#ifdef _MAIN_C_
S#define INTERFACE
N#else
N#define INTERFACE extern
N#endif
N
N#define _DEMO_ONLY_ 0
N
N#define EP1_IN BIT0
N#define EP1_OUT BIT1
N#define EP2_IN BIT2
N#define EP2_OUT BIT3
N#define EP3_IN BIT4
N#define EP3_OUT BIT5
N#define EP4_IN BIT6
N#define EP4_OUT BIT7
N
N#define MISC_EVENT (BIT3|BIT2)
N
N
Ntypedef enum _GIndex_
N{
N    GIdx0 = 0,
N    GIdx1,
N    GIdx2,
N    GIdx3,
N    GIdx4,
N    GIdx5,
N    GIdx6,
N    GIdx7,
N    GIdx8,
N    GIdxLen =  GIdx8,
N}GIndex;
N
N#define MAIN_FLAG_MOUSE_REPORT_READY	BIT0	
N#define MAIN_FLAG_MOUSE_BUTTON_EVENT	BIT1	
N#define MAIN_FLAG_MOUSE_QIE_EVENT		BIT2
N//#define MAIN_FLAG_MOUSE_EVENT	BIT3
N#define MAIN_FLAG_MOUSE_EVENT			BIT3
N//#define MAIN_FLAG_MOUSE_FRAME_CAPTURE_EVENT BIT4
N
N/* HID Demo Variables */
Ntypedef struct _LPC11Uxx_MAIN_SETTING_
N{
N	U8 InReport[USB_PACKET_SIZE];
X	U8 InReport[0x12];
N	U8 OutReport[USB_PACKET_SIZE];
X	U8 OutReport[0x12];
N	U8 EPInOutReq;
N	U8 InReportSize;
N	U16 MouseEvent;
N}LPC11Uxx_MAIN_SETTING;
N
NINTERFACE LPC11Uxx_MAIN_SETTING g_Main_Setting;
Xextern LPC11Uxx_MAIN_SETTING g_Main_Setting;
N
N
N/* HID Demo Functions */
NINTERFACE void nsAPI_Main_GetInReport(void);
Xextern void nsAPI_Main_GetInReport(void);
NINTERFACE void SetOutReport(void);
Xextern void SetOutReport(void);
NINTERFACE void nsAPI_Main_MouseEventHandle(void);
Xextern void nsAPI_Main_MouseEventHandle(void);
NINTERFACE void nsAPI_Main_GetInMouseButtonReport(U16 *PreButtonEvent,U16 *u16ButtonStatus,U16 *KeycodeTblIdx);
Xextern void nsAPI_Main_GetInMouseButtonReport(U16 *PreButtonEvent,U16 *u16ButtonStatus,U16 *KeycodeTblIdx);
NINTERFACE void nsAPI_Main_GetInMouseQIEReport(S8 s8Temp);
Xextern void nsAPI_Main_GetInMouseQIEReport(S8 s8Temp);
NINTERFACE void nsAPI_Main_Clr_MouseEvent(void);
Xextern void nsAPI_Main_Clr_MouseEvent(void);
NINTERFACE void Mapp_Main_Init(void);
Xextern void Mapp_Main_Init(void);
N
N#undef INTERFACE
N#ifdef __cplusplus
S}
N#endif
N#endif //__MAIN_H__
L 10 ".\Inc\Keytbl.h" 2
N
N#ifdef  __KEYTBL_C__
N#define INTERFACE
N#else
S#define INTERFACE extern
N#endif
N
N/*Key define */
N#define MouseTableSize 254
N#define KeyboardTableYSize 160
N#define KeyboardTableXSize 3
N
NINTERFACE const U8 u8MouseKeyTable[MouseTableSize];
X const U8 u8MouseKeyTable[254];
NINTERFACE const U8 u8KeyboardKeyTable[KeyboardTableYSize][KeyboardTableXSize];
X const U8 u8KeyboardKeyTable[160][3];
N
N
N#undef INTERFACE
N#ifdef __cplusplus
S}
N#endif
N#endif /* end __GPIO_H */
N
L 4 "Src\Keytbl.c" 2
N#include "Main.h"
N
Nconst U8 u8MouseKeyTable[MouseTableSize] =
Xconst U8 u8MouseKeyTable[254] =
N{
N	/*VK_NULL*/0x00,/*No Press*/
N	/*VK_LBUTTON*/0x01,/*Left mouse button*/
N	/*VK_RBUTTON*/0x02,/*Right mouse button*/
N	/*VK_CANCEL*/0x03,/*Control-break processing*/
N	/*VK_MBUTTON*/0x04,/*Middle mouse button on a three-button mouse*/
N	/*VK_XBUTTON1*/0x05,/*Windows 2000/XP: X1 mouse button*/
N	/*VK_XBUTTON2*/0x06,/*Windows 2000/XP: X2 mouse button*/
N	0x07,/*Undefined*/ 
N	/*VK_BACK*/0x08,/*BACKSPACE key*/
N	/*VK_TAB*/0x09,/*TAB key*/
N	0x0A,/*Reserved*/
N	0x0B,/*Reserved*/
N	/*VK_CLEAR*/0x0C,/*CLEAR key*/
N	/*VK_RETURN*/0x0D,/*ENTER key*/
N	0x0E,/*Reserved*/
N	0x0F,/*Reserved*/
N	/*VK_SHIFT*/0x10,/*SHIFT key*/
N	/*VK_CONTROL*/0x11,/*CTRL key*/
N	/*VK_MENU*/0x12,/*ALT key*/
N	/*VK_PAUSE*/0x13,/*PAUSE key*/
N	/*VK_CAPITAL*/0x14,/*CAPS LOCK key*/
N	/*VK_KANA*/0x15,/*Input Method Editor (IME) Kana mode*/
N	0x16,/*Undefined*/
N	/*VK_JUNJA*/0x17,/*IME Junja mode*/ 
N	/*VK_FINAL*/0x18,/*IME final mode*/
N	/*VK_HANJA*/0x19,/*IME Hanja mode*/
N	0x1A,/*Undefined*/			
N	/*VK_ESCAPE*/0x1B,/*ESC key*/
N	/*VK_CONVERT*/0x1C,/*IME convert*/
N	/*VK_NONCONVERT*/0x1D,/*IME nonconvert*/
N	/*VK_ACCEPT*/0x1E,/*IME accept*/
N	/*VK_MODECHANGE*/0x1F,/*IME mode change request*/
N	/*VK_SPACE*/0x20,/*SPACEBAR*/
N	/*VK_PRIOR*/0x21,/*PAGE UP key*/
N	/*VK_NEXT*/0x22,/*PAGE DOWN key*/
N	/*VK_END*/0x23,/*END key*/
N	/*VK_HOME*/0x24,/*HOME key*/
N	/*VK_LEFT*/0x25,/*LEFT ARROW key*/
N	/*VK_UP*/0x26,/*UP ARROW key*/
N	/*VK_RIGHT*/0x27,/*RIGHT ARROW key*/
N	/*VK_DOWN*/0x28,/*DOWN ARROW key*/
N	/*VK_SELECT*/0x29,/*SELECT key*/
N	/*VK_PRINT*/0x2A,/*PRINT key*/ 
N	/*VK_EXECUTE*/0x2B,/*EXECUTE key*/
N	/*VK_SNAPSHOT*/0x2C,/*PRINT SCREEN key*/
N	/*VK_INSERT*/0x2D,/*INS key*/
N	/*VK_DELETE*/0x2E,/*DEL key*/
N	/*VK_HELP*/0x2F,/*HELP key*/
N	0x30,/*0 key*/
N	0x31,/*1 key*/
N	0x32,/*2 key*/
N	0x33,/*3 key*/
N	0x34,/*4 key*/
N	0x35,/*5 key*/
N	0x36,/*6 key*/
N	0x37,/*7 key*/
N	0x38,/*8 key*/
N	0x39,/*9 key*/
N	0x3A,/*Undefined*/
N	0x3B,/*Undefined*/
N	0x3C,/*Undefined*/
N	0x3D,/*Undefined*/
N	0x3E,/*Undefined*/
N	0x3F,/*Undefined*/
N	0x40,/*Undefined*/
N	0x41,/*A key*/
N	0x42,/*B key*/
N	0x43,/*C key*/
N	0x44,/*D key*/
N	0x45,/*E key*/
N	0x46,/*F key*/
N	0x47,/*G key*/
N	0x48,/*H key*/
N	0x49,/*I key*/
N	0x4A,/*J key*/
N	0x4B,/*K key*/
N	0x4C,/*L key*/
N	0x4D,/*M key*/
N	0x4E,/*N key*/
N	0x4F,/*O key*/
N	0x50,/*P key*/
N	0x51,/*Q key*/
N	0x52,/*R key*/
N	0x53,/*S key*/
N	0x54,/*T key*/
N	0x55,/*U key*/
N	0x56,/*V key*/
N	0x57,/*W key*/
N	0x58,/*X key*/
N	0x59,/*Y key*/
N	0x5A,/*Z key*/			
N	/*VK_LWIN*/0x5B,/*Left Windows key on a Microsoft Natural Keyboard*/
N	/*VK_RWIN*/0x5C,/*Right Windows key on a Microsoft Natural Keyboard*/
N	/*VK_APPS*/0x5D,/*Applications key on a Microsoft Natural Keyboard*/
N	0x5E,/*Undefined*/
N	/*VK_SLEEP*/0x5F,/*Computer Sleep key*/		
N	/*VK_NUMPAD0*/0x60,/*Numeric keypad 0 key*/
N	/*VK_NUMPAD1*/0x61,/*Numeric keypad 1 key*/
N	/*VK_NUMPAD2*/0x62,/*Numeric keypad 2 key*/
N	/*VK_NUMPAD3*/0x63,/*Numeric keypad 3 key*/
N	/*VK_NUMPAD4*/0x64,/*Numeric keypad 4 key*/
N	/*VK_NUMPAD5*/0x65,/*Numeric keypad 5 key*/
N	/*VK_NUMPAD6*/0x66,/*Numeric keypad 6 key*/
N	/*VK_NUMPAD7*/0x67,/*Numeric keypad 7 key*/
N	/*VK_NUMPAD8*/0x68,/*Numeric keypad 8 key*/
N	/*VK_NUMPAD9*/0x69,/*Numeric keypad 9 key*/
N	/*VK_MULTIPLY*/0x6A,/*Multiply key*/
N	/*VK_ADD*/0x6B,/*Add key*/
N	/*VK_SEPARATOR*/0x6C,/*Separator key*/
N	/*VK_SUBTRACT*/0x6D,/*Subtract key*/
N	/*VK_DECIMAL*/0x6E,/*Decimal key*/
N	/*VK_DIVIDE*/0x6F,/*Divide key*/
N	/*VK_F1*/0x70,/*F1 key*/
N	/*VK_F2*/0x71,/*F2 key*/
N	/*VK_F3*/0x72,/*F3 key*/
N	/*VK_F4*/0x73,/*F4 key*/
N	/*VK_F5*/0x74,/*F5 key*/
N	/*VK_F6*/0x75,/*F6 key*/
N	/*VK_F7*/0x76,/*F7 key*/
N	/*VK_F8*/0x77,/*F8 key*/
N	/*VK_F9*/0x78,/*F9 key*/
N	/*VK_F10*/0x79,/*F10 key*/
N	/*VK_F11*/0x7A,/*F11 key*/
N	/*VK_F12*/0x7B,/*F12 key*/
N	/*VK_F13*/0x7C,/*F13 key*/
N	/*VK_F14*/0x7D,/*F14 key*/
N	/*VK_F15*/0x7E,/*F15 key*/
N	/*VK_F16*/0x7F,/*F16 key*/
N	/*VK_F17*/0x80,/*F17 key*/
N	/*VK_F18*/0x81,/*F18 key*/
N	/*VK_F19*/0x82,/*F19 key*/
N	/*VK_F20*/0x83,/*F20 key*/
N	/*VK_F21*/0x84,/*F21 key*/
N	/*VK_F22*/0x85,/*F22 key*/
N	/*VK_F23*/0x86,/*F23 key*/
N	/*VK_F24*/0x87,/*F24 key*/
N	0x88,/*Unassigned*/
N	0x89,/*Unassigned*/
N	0x8A,/*Unassigned*/
N	0x8B,/*Unassigned*/
N	0x8C,/*Unassigned*/
N	0x8D,/*Unassigned*/
N	0x8E,/*Unassigned*/
N	0x8F,/*Unassigned*/
N	/*VK_NUMLOCK*/0x90,/*NUM LOCK key*/
N	/*VK_SCROLL*/0x91,/*SCROLL LOCK key*/
N	0x92,/*OEM specific*/
N	0x93,/*OEM specific*/
N	0x94,/*OEM specific*/
N	0x95,/*OEM specific*/
N	0x96,/*OEM specific*/
N	0x97,/*Unassigned*/		
N	0x98,/*Unassigned*/		
N	0x99,/*Unassigned*/		
N	0x9A,/*Unassigned*/		
N	0x9B,/*Unassigned*/		
N	0x9C,/*Unassigned*/		
N	0x9D,/*Unassigned*/		
N	0x9E,/*Unassigned*/		
N	0x9F,/*Unassigned*/		
N	/*VK_LSHIFT*/0xA0,/*Left SHIFT*/
N	/*VK_RSHIFT */0xA1,/*Right SHIFT*/
N	/*VK_LCONTROL*/0xA2,/*Left CTRL*/
N	/*VK_RCONTROL*/0xA3,/*Right CTRL*/
N	/*VK_LMENU*/0xA4,/*Left ALT*/
N	/*VK_RMENU*/0xA5,/*Right ALT*/
N	/*VK_BROWSER_BACK*/0xA6,/*Windows 2000/XP: Browser Back key*/
N	/*VK_BROWSER_FORWARD*/0xA7,/*Windows 2000/XP: Browser Forward key*/
N	/*VK_BROWSER_REFRESH*/0xA8,/*Windows 2000/XP: Browser Refresh key*/
N	/*VK_BROWSER_STOP*/0xA9,/*Windows 2000/XP: Browser Stop key*/
N	/*VK_BROWSER_SEARCH*/0xAA,/*Windows 2000/XP: Browser Search key*/
N	/*VK_BROWSER_FAVORITES*/0xAB,/*Windows 2000/XP: Browser Favorites key*/
N	/*VK_BROWSER_HOME*/0xAC,/*Windows 2000/XP: Browser Start and Home key*/
N	/*VK_VOLUME_MUTE*/0xAD,/*Windows 2000/XP: Volume Mute key*/
N	/*VK_VOLUME_DOWN*/0xAE,/*Windows 2000/XP: Volume Down key*/
N	/*VK_VOLUME_UP*/0xAF,/*Windows 2000/XP: Volume Up key*/
N	/*VK_MEDIA_NEXT_TRACK*/0xB0,/*Windows 2000/XP: Next Track key*/
N	/*VK_MEDIA_PREV_TRACK*/0xB1,/*Windows 2000/XP: Previous Track key*/
N	/*VK_MEDIA_STOP*/0xB2,/*Windows 2000/XP: Stop Media key*/
N	/*VK_MEDIA_PLAY_PAUSE*/0xB3,/*Windows 2000/XP: Play/Pause Media key*/
N	/*VK_LAUNCH_MAIL*/0xB4,/*Windows 2000/XP: Start Mail key*/
N	/*VK_LAUNCH_MEDIA_SELECT*/0xB5,/*Windows 2000/XP: Select Media key*/
N	/*VK_LAUNCH_APP1*/0xB6,/*Windows 2000/XP: Start Application 1 key*/
N	/*VK_LAUNCH_APP2*/0xB7,/*Windows 2000/XP: Start Application 2 key*/
N	0xB8,/*Reserved*/
N	0xB9,/*Reserved*/
N	/*VK_OEM_1*/0xBA,/*Used for miscellaneous characters; it can vary by keyboard.Windows 2000/XP: For the US standard keyboard, the ';:' key*/
N	/*VK_OEM_PLUS*/0xBB,/*Windows 2000/XP: For any country/region, the '+' key*/
N	/*VK_OEM_COMMA*/0xBC,/*Windows 2000/XP: For any country/region, the ',' key*/
N	/*VK_OEM_MINUS*/0xBD,/*Windows 2000/XP: For any country/region, the '-' key*/	
N	/*VK_OEM_PERIOD*/0xBE,/*Windows 2000/XP: For any country/region, the '.' key*/
N	/*VK_OEM_2*/0xBF,/*Used for miscellaneous characters; it can vary by keyboard.Windows 2000/XP: For the US standard keyboard, the '/?' key*/
N	/*VK_OEM_3*/0xC0,/*Used for miscellaneous characters; it can vary by keyboard.*/
N	0xC1,/*Reserved*/
N	0xC2,/*Reserved*/
N	0xC3,/*Reserved*/
N	0xC4,/*Reserved*/
N	0xC5,/*Reserved*/
N	0xC6,/*Reserved*/
N	0xC7,/*Reserved*/
N	0xC8,/*Reserved*/
N	0xC9,/*Reserved*/
N	0xCA,/*Reserved*/
N	0xCB,/*Reserved*/
N	0xCC,/*Reserved*/
N	0xCD,/*Reserved*/
N	0xCE,/*Reserved*/
N	0xCF,/*Reserved*/
N	0xD1,/*Reserved*/
N	0xD2,/*Reserved*/
N	0xD3,/*Reserved*/
N	0xD4,/*Reserved*/
N	0xD5,/*Reserved*/
N	0xD6,/*Reserved*/
N	0xD7,/*Reserved*/
N	0xD8,/*Unassigned*/
N	0xD9,/*Unassigned*/
N	0xDA,/*Unassigned*/
N	/*VK_OEM_4*/0xDB,/*Used for miscellaneous characters; it can vary by keyboard.Windows 2000/XP: For the US standard keyboard, the '[{' key*/	
N	/*VK_OEM_5*/0xDC,/*Used for miscellaneous characters; it can vary by keyboard.*/
N	/*VK_OEM_6*/0xDD,/*Used for miscellaneous characters; it can vary by keyboard.Windows 2000/XP: For the US standard keyboard, the ']}' key*/
N	/*VK_OEM_7*/0xDE,/*Used for miscellaneous characters; it can vary by keyboard.Windows 2000/XP: For the US standard keyboard, the 'single-quote/doublequote'key*/
N	/*VK_OEM_8*/0xDF,/*Used for miscellaneous characters; it can vary by keyboard.*/
N	0xE0,/*Reserved*/
N	0xE1,/*OEM specific*/
N	/*VK_OEM_102*/0xE2,/*Windows 2000/XP: Either the angle bracket key or the backslash key on the	RT 102-key keyboard*/
N	0xE3,/*OEM specific*/
N	0xE4,/*OEM specific*/
N	/*VK_PROCESSKEY*/0xE5,/*Windows 95/98/Me, Windows NT 4.0, Windows 2000/XP: IME PROCESS key*/
N	0xE6,/*OEM specific*/
N	/*VK_PACKET*/0xE7,/*Windows 2000/XP: Used to pass Unicode characters as if they were keystrokes. The VK_PACKET key is the low word of a 32-bit Virtual Key value used for non-keyboard input methods. For more information, see Remark in KEYBDINPUT, SendInput, WM_KEYDOWN, and WM_KEYUP*/
N	0xE8,/*Unassigned*/
N	0xE9,/*OEM specific*/
N	0xEA,/*OEM specific*/
N	0xEB,/*OEM specific*/
N	0xEC,/*OEM specific*/
N	0xED,/*OEM specific*/
N	0xEE,/*OEM specific*/
N	0xEF,/*OEM specific*/
N	0xF0,/*OEM specific*/
N	0xF1,/*OEM specific*/
N	0xF2,/*OEM specific*/
N	0xF3,/*OEM specific*/
N	0xF4,/*OEM specific*/
N	0xF5,/*OEM specific*/	
N	/*VK_ATTN*/0xF6,/*ATTN key*/
N	/*VK_CRSEL*/0xF7,/*CRSEL key*/
N	/*VK_EXSEL*/0xF8,/*EXSEL key*/
N	/*VK_EREOF*/0xF9,/*Erase EOF key*/
N	/*VK_PLAY*/0xFA,/*PLAY key*/
N	/*VK_ZOOM*/0xFB,/*ZOOM key*/
N	/*VK_NONAME*/0xFC,/*Reserved for future use*/
N	/*VK_PA1*/0xFD,/*PA1 key*/
N	/*VK_OEM_CLEAR*/0xFE,/*CLEAR key*/		
N};
N
N
Nconst U8 u8KeyboardKeyTable[KeyboardTableYSize][KeyboardTableXSize ] =
Xconst U8 u8KeyboardKeyTable[160][3 ] =
N{
N	/*System Power:ACPI*/{0x07,0x00,0x01},	
N	/*System Sleep:ACPI*/	{0x07,0x00,0x02},	
N	/*System Wake:ACPI*/{0x07,0x00,0x04},								
N	/*No Event	Normal:key*/{0x00,0x00,0x00},	
N	/*Overrun Error:Normal key*/{0x00,0x00,0x01},
N	/*POST Fail:Normal key*/{0x00,0x00,0x02},
N	/*ErrorUndefined:Normal key*/{0x00,0x00,0x03},
N	/*a A:Normal key*/{0x00,0x00,0x04},
N	/*b B:Normal key*/{0x00,0x00,0x05},	
N	/*c C:Normal key*/{0x00,0x00,0x06},	
N	/*d D:Normal key*/{0x00,0x00,0x07},	
N	/*e E:Normal key*/{0x00,0x00,0x08},	
N	/*f F:Normal key*/{0x00,0x00,0x09},	
N	/*g G:Normal key*/{0x00,0x00,0x0A},	
N	/*h H:Normal key*/{0x00,0x00,0x0B},	
N	/*i I:Normal key*/{0x00,0x00,0x0C},	
N	/*j J:Normal key*/{0x00,0x00,0x0D},	
N	/*k K:Normal key*/{0x00,0x00,0x0E},	
N	/*l L:Normal key*/ {0x00,0x00,0x0F},	
N	/*m M:Normal key*/{0x00,0x00,0x10},	
N	/*n N:Normal key*/{0x00,0x00,0x11},	
N	/*o O:Normal key*/{0x00,0x00,0x12},	
N	/*p P:Normal key*/{0x00,0x00,0x13},	
N	/*q Q:Normal key*/{0x00,0x00,0x14},
N	/*r R:Normal key*/{0x00,0x00,0x15},	
N	/*s S:Normal key*/{0x00,0x00,0x16},	
N	/*t T:Normal key*/{0x00,0x00,0x17},	
N	/*u U:Normal key*/{0x00,0x00,0x18},	
N	/*v V:Normal key*/{0x00,0x00,0x19},	
N	/*w W:Normal key*/{0x00,0x00,0x1A},	
N	/*x X:Normal key*/{0x00,0x00,0x1B},	
N	/*y Y:Normal key*/{0x00,0x00,0x1C},	
N	/*z Z:Normal key*/{0x00,0x00,0x1D},	
N	/*1 !:Normal key*/{0x00,0x00,0x1E},	
N	/*2 @:Normal key*/{0x00,0x00,0x1F},	
N	/*3 #:Normal key*/{0x00,0x00,0x20},	
N	/*4 $:Normal key*/{0x00,0x00,0x21},	
N	/*5 %:Normal key*/{0x00,0x00,0x22},	
N	/*6 ^:Normal key*/{0x00,0x00,0x23},	
N	/*7 &:Normal key*/{0x00,0x00,0x24},	
N	/*8 *:Normal key*/{0x00,0x00,0x25},	
N	/*9 ( :Normal key*/{0x00,0x00,0x26},	
N	/*0 ):Normal key*/{0x00,0x00,0x27},	
N	/*Return:Normal key*/{0x00,0x00,0x28},	
N	/*Escape:Normal key*/	{0x00,0x00,0x29},	
N	/*Backspace:Normal key*/{0x00,0x00,0x2A},	
N	/*Tab:Normal key*/{0x00,0x00,0x2B},	
N	/*Space:Normal key*/{0x00,0x00,0x2C},	
N	/*- _ :Normal key*/{0x00,0x00,0x2D},
N	/*= +:Normal key*/{0x00,0x00,0x2E},	
N	/*[ {:Normal key*/{0x0,0x00,0x2F},	
N	/*] }:Normal key*/{0x00,0x00,0x30},	
N	/*\ |:Normal key*/{0x00,0x00,0x31},	
N	/*Europe 1(Note 2):Normal key*/{0x00,0x00,0x32},	
N	/*;::Normal key*/{0x00,0x00,0x33},	
N	/*' ": Normal key*/{0x00,0x00,0x34},	
N	/*` ~:Normal key*/{0x00,0x00,0x35},	
N	/*, <:Normal key*/{0x00,0x00,0x36},	
N	/*. >:Normal key*/{0x00,0x00,0x37},	
N	/*/ ?:Normal key*/{0x00,0x00,0x38},	
N	/*Caps Lock:Normal key*/{0x00,0x00,0x39},	
N	/*F1:Normal key*/{0x00,0x00,0x3A},	
N	/*F2:Normal key*/{0x00,0x00,0x3B},	
N	/*F3:Normal key*/{0x00,0x00,0x3C},	
N	/*F4:Normal key*/{0x00,0x00,0x3D},	
N	/*F5:Normal key*/{0x00,0x00,0x3E},	
N	/*F6:Normal key*/{0x00,0x00,0x3F},	
N	/*F7:Normal key*/{0x00,0x00,0x40},	
N	/*F8:Normal key*/{0x00,0x00,0x41},	
N	/*F9:Normal key*/{0x00,0x00,0x42},	
N	/*F10:Normal key*/{0x00,0x00,0x43},	
N	/*F11:Normal key*/{0x00,0x00,0x44},	
N	/*F12:Normal key*/{0x00,0x00,0x45},	
N	/*Print Screen (Note 1):Normal key*/{0x00,0x00,0x46},	
N	/*Scroll Lock:Normal key*/{0x00,0x00,0x47},	
N	/*Break (Ctrl-Pause):Normal key*/{0x00,0x00,0x48},	
N	/*Pause:Normal key*/{0x00,0x00,0x48},	
N	/*Insert (Note 1):Normal key*/{0x00,0x00,0x49},	
N	/*Home (Note 1):Normal key*/{0x00,0x00,0x4A},	
N	/*Page Up (Note 1):Normal key*/{0x00,0x00,0x4B},	
N	/*Delete (Note 1):Normal key*/{0x00,0x00,0x4C},	
N	/*End (Note 1):Normal key*/{0x00,0x00,0x4D},	
N	/*Page Down (Note 1):Normal key*/{0x00,0x00,0x4E},	
N	/*Right Arrow (Note 1):Normal key*/{0x00,0x00,0x4F},	
N	/*Left Arrow (Note 1) Normal key*/{0x00,0x00,0x50},
N	/*Down Arrow (Note 1):Normal key*/{0x00,0x00,0x51},	
N	/*Up Arrow (Note 1):	Normal key*/{0x00,0x00,0x52},	
N	/*Num Lock:Normal key*/{0x00,0x00,0x53},	
N	/*Keypad /(Note 1):Normal key*/{0x00,0x00,0x54},	
N	/*Keypad *:Normal key	*/{0x00,0x00,0x55},	
N	/*Keypad -	:Normal key*/{0x00,0x00,0x56},	
N	/*Keypad +	:Normal key*/{0x00,0x00,0x57},	
N	/*Keypad Enter:	Normal key*/{0x00,0x00,0x58},
N	/*Keypad 1 End:Normal key*/{0x00,0x00,0x59},	
N	/*Keypad 2 Down:Normal key*/{0x00,0x00,0x5A},
N	/*Keypad 3 PageDn:Normal key*/{0x00,0x00,0x5B},	
N	/*Keypad 4 Left:Normal key*/{0x00,0x00,0x5C},
N	/*Keypad 5:Normal key*/{0x00,0x00,0x5D},
N	/*Keypad 6 Right:Normal key*/{0x00,0x00,0x5E},	
N	/*Keypad 7 Home:Normal key*/{0x00,0x00,0x5F},	
N	/*Keypad 8 Up:Normal key*/	{0x00,0x00,0x60},	
N	/*Keypad 9 PageUp:Normal key*/{0x00,0x00,0x61},	
N	/*Keypad 0 Insert:Normal key*/{0x00,0x00,0x62},	
N	/*Keypad . Delete:Normal key*/{0x00,0x00,0x63},
N	/*Europe 2 (Note 2):Normal key*/{0x00,0x00,0x64},	
N	/*App:Normal key*/{0x00,0x00,0x65},	
N	/*Keyboard Power:Normal key*/{0x00,0x00,0x66},	
N	/*Keypad:ormal key*/{0x00,0x00,0x67},
N	/*F13:Normal key*/{0x00,0x00,0x68},	
N	/*F14:Normal key*/{0x00,0x00,0x69},
N	/*F15:Normal key*/{0x00,0x00,0x6A},
N	/*F16:Normal key*/{0x00,0x00,0x6B},	
N	/*F17:Normal key*/{0x00,0x00,0x6C},
N	/*F18:Normal key*/{0x00,0x00,0x6D},	
N	/*F19:Normal key*/{0x00,0x00,0x6E},
N	/*F20:Normal key*/{0x00,0x00,0x6F},
N	/*F21:Normal key*/{0x00,0x00,0x70},
N	/*F22:Normal key*/{0x00,0x00,0x71},
N	/*F23:Normal key*/{0x00,0x00,0x72},
N	/*F24:Normal key*/{0x00,0x00,0x73},	
N	/*Keypad,(Brazilian Keypad)Normal key*/{0x00,0x00,0x85},	
N	/*Keyboard Int'l 1(Ro)Normal key*/{0x00,0x00,0x87},	
N	/*Keyboard Intl'2(Katakana/Hiragana)Normal key*/{0x00,0x00,0x88},	
N	/*Keyboard Int'l 2(Yen)Normal key*/{0x00,0x00,0x89},		
N	/*Keyboard Int'l 4(Henkan)Normal key*/{0x00,0x00,0x8A},	
N	/*Keyboard Int'l 5(Muhenkan)Normal key*/{0x00,0x00,0x8B},	
N	/*Keyboard Lang 1(Hanguel/English)Normal key*/{0x00,0x00,0x90},	
N	/*Left Control Normal key*/{0x00,0x00,0xE0},	
N	/*Left Shift Normal key*/{	0x00,0x00,0xE1},
N	/*Left Alt	Normal key*/{0x00,0x00,0xE2},
N	/*Left GUI	Normal key*/{0x00,0x00,0xE3},
N	/*Right Control	Normal key*/{0x00,0x00,0xE4},
N	/*Right Shift Normal key*/{0x00,0x00,0xE5},
N	/*Right Alt Normal key*/{0x00,0x00,0xE6},
N	/*Right GUI Normal key*/{0x00,0x00,0xE7},
N	/*Mouse L Button Normal Key*/{0x00,0x00,0xF0},
N	/*Mouse R Button Normal Key*/{0x00,0x00,0xF1},	
N	/*Mouse M Button Normal Key*/{0x00,0x00,0xF2},	
N	/*Mouse RB0 Button Normal Key*/{0x00,0x00,0xF3},
N	/*Mouse RB1 Button	Normal Key*/{0x00,0x00,0xF4},
N	/*Mouse LTilt Button	Normal Key*/{0x00,0x00,0xF5},	
N	/*Mouse RTilt Button Normal Key*/{0x00,0x00,0xF6},								
N	/*Scan Next Track:Multi-media key*/{ 0x04,0x00,0xB5},
N	/*Scan Previous Track:Multi-media key*/{0x04,0x00,0xB6},
N	/*Stop:Multi-media key*/{0x04,0x00,0xB7},
N	/*Play/Pause:Multi-media key*/{0x04,0x00,0xCD},
N	/*Mute:Multi-media key*/ {	0x04,0x00,0xE2},
N	/*Volume Up:Multi-media key*/ {0x04,0x00,0xE9},
N	/*Volume Down:Multi-media key*/{0x04,0x00,0xEA},
N	/*Media Select:Multi-media key*/ {0x04,0x01,0x83},
N	/*Mail:Multi-media key*/{0x04,0x01,0x8A},
N	/*Calculator:Multi-media key*/{0x04,0x01,0x92},
N	/*My Computer:Multi-media key*/{0x04,0x01,0x94},
N	/*WWW Search:Multi-media key*/{0x04,0x02,0x21},
N	/*WWW Home:Multi-media key*/{0x04,0x02,0x23},
N	/*WWW Back:Multi-media key*/{0x04,0x02,0x24},
N	/*WWW Forward:Multi-media key*/{0x04,0x02,0x25},
N	/*WWW Stop:Multi-media key*/{0x04,0x02,0x26},
N	/*WWW Refresh:Multi-media key*/ {0x04,0x02,0x27},
N	/*WWW Favorites:Multi-media key*/{0x04,0x02,0x2A},
N};
N
