


ARM Macro Assembler    Page 1 


    1 00000000         ;/******************************************************
                       ********************//**
    2 00000000         ; * @file     startup_LPC11Uxx.s
    3 00000000         ; * @brief    CMSIS Cortex-M0 Core Device Startup File
    4 00000000         ; *           for the NXP LPC11Uxx Device Series
    5 00000000         ; * @version  V1.10
    6 00000000         ; * @date     24. November 2010
    7 00000000         ; *------- <<< Use Configuration Wizard in Context Menu 
                       >>> ------------------
    8 00000000         ; *
    9 00000000         ; * @note
   10 00000000         ; * Copyright (C) 2009-2010 ARM Limited. All rights rese
                       rved.
   11 00000000         ; *
   12 00000000         ; * @par
   13 00000000         ; * ARM Limited (ARM) is supplying this software for use
                        with Cortex-M 
   14 00000000         ; * processor based microcontrollers.  This file can be 
                       freely distributed 
   15 00000000         ; * within development tools that are supporting such AR
                       M based processors. 
   16 00000000         ; *
   17 00000000         ; * @par
   18 00000000         ; * THIS SOFTWARE IS PROVIDED "AS IS".  NO WARRANTIES, W
                       HETHER EXPRESS, IMPLIED
   19 00000000         ; * OR STATUTORY, INCLUDING, BUT NOT LIMITED TO, IMPLIED
                        WARRANTIES OF
   20 00000000         ; * MERCHANTABILITY AND FITNESS FOR A PARTICULAR PURPOSE
                        APPLY TO THIS SOFTWARE.
   21 00000000         ; * ARM SHALL NOT, IN ANY CIRCUMSTANCES, BE LIABLE FOR S
                       PECIAL, INCIDENTAL, OR
   22 00000000         ; * CONSEQUENTIAL DAMAGES, FOR ANY REASON WHATSOEVER.
   23 00000000         ; *
   24 00000000         ; ******************************************************
                       ************************/
   25 00000000         
   26 00000000         
   27 00000000         ; <h> Stack Configuration
   28 00000000         ;   <o> Stack Size (in Bytes) <0x0-0xFFFFFFFF:8>
   29 00000000         ; </h>
   30 00000000         
   31 00000000 00000200 
                       Stack_Size
                               EQU              0x00000200
   32 00000000         
   33 00000000                 AREA             STACK, NOINIT, READWRITE, ALIGN
=3
   34 00000000         Stack_Mem
                               SPACE            Stack_Size
   35 00000200         __initial_sp
   36 00000200         
   37 00000200         
   38 00000200         ; <h> Heap Configuration
   39 00000200         ;   <o>  Heap Size (in Bytes) <0x0-0xFFFFFFFF:8>
   40 00000200         ; </h>
   41 00000200         
   42 00000200 00000000 
                       Heap_Size
                               EQU              0x00000000



ARM Macro Assembler    Page 2 


   43 00000200         
   44 00000200                 AREA             HEAP, NOINIT, READWRITE, ALIGN=
3
   45 00000000         __heap_base
   46 00000000         Heap_Mem
                               SPACE            Heap_Size
   47 00000000         __heap_limit
   48 00000000         
   49 00000000         
   50 00000000                 PRESERVE8
   51 00000000                 THUMB
   52 00000000         
   53 00000000         
   54 00000000         ; Vector Table Mapped to Address 0 at Reset
   55 00000000         
   56 00000000                 AREA             RESET, DATA, READONLY
   57 00000000                 EXPORT           __Vectors
   58 00000000         
   59 00000000 00000000 
                       __Vectors
                               DCD              __initial_sp ; Top of Stack
   60 00000004 00000000        DCD              Reset_Handler ; Reset Handler
   61 00000008 00000000        DCD              NMI_Handler ; NMI Handler
   62 0000000C 00000000        DCD              HardFault_Handler ; Hard Fault 
                                                            Handler
   63 00000010 00000000        DCD              0           ; Reserved
   64 00000014 00000000        DCD              0           ; Reserved
   65 00000018 00000000        DCD              0           ; Reserved
   66 0000001C 00000000        DCD              0           ; Reserved
   67 00000020 00000000        DCD              0           ; Reserved
   68 00000024 00000000        DCD              0           ; Reserved
   69 00000028 00000000        DCD              0           ; Reserved
   70 0000002C 00000000        DCD              SVC_Handler ; SVCall Handler
   71 00000030 00000000        DCD              0           ; Reserved
   72 00000034 00000000        DCD              0           ; Reserved
   73 00000038 00000000        DCD              PendSV_Handler ; PendSV Handler
                                                            
   74 0000003C 00000000        DCD              SysTick_Handler 
                                                            ; SysTick Handler
   75 00000040         
   76 00000040         ; External Interrupts
   77 00000040 00000000        DCD              FLEX_INT0_IRQHandler ; All GPIO
                                                             pin can be routed 
                                                            to FLEX_INTx
   78 00000044 00000000        DCD              FLEX_INT1_IRQHandler
   79 00000048 00000000        DCD              FLEX_INT2_IRQHandler
   80 0000004C 00000000        DCD              FLEX_INT3_IRQHandler
   81 00000050 00000000        DCD              FLEX_INT4_IRQHandler
   82 00000054 00000000        DCD              FLEX_INT5_IRQHandler
   83 00000058 00000000        DCD              FLEX_INT6_IRQHandler
   84 0000005C 00000000        DCD              FLEX_INT7_IRQHandler
   85 00000060 00000000        DCD              GINT0_IRQHandler
   86 00000064 00000000        DCD              GINT1_IRQHandler ; PIO0 (0:7)  
                                                                        
   87 00000068 00000000        DCD              Reserved_IRQHandler ; Reserved
   88 0000006C 00000000        DCD              Reserved_IRQHandler
   89 00000070 00000000        DCD              Reserved_IRQHandler
   90 00000074 00000000        DCD              Reserved_IRQHandler
   91 00000078 00000000        DCD              SSP1_IRQHandler ; SSP1         



ARM Macro Assembler    Page 3 


                                                                  
   92 0000007C 00000000        DCD              I2C_IRQHandler ; I2C
   93 00000080 00000000        DCD              TIMER16_0_IRQHandler 
                                                            ; 16-bit Timer0
   94 00000084 00000000        DCD              TIMER16_1_IRQHandler 
                                                            ; 16-bit Timer1
   95 00000088 00000000        DCD              TIMER32_0_IRQHandler 
                                                            ; 32-bit Timer0
   96 0000008C 00000000        DCD              TIMER32_1_IRQHandler 
                                                            ; 32-bit Timer1
   97 00000090 00000000        DCD              SSP0_IRQHandler ; SSP0
   98 00000094 00000000        DCD              UART_IRQHandler ; UART
   99 00000098 00000000        DCD              USB_IRQHandler ; USB IRQ
  100 0000009C 00000000        DCD              USB_FIQHandler ; USB FIQ
  101 000000A0 00000000        DCD              ADC_IRQHandler ; A/D Converter
  102 000000A4 00000000        DCD              WDT_IRQHandler ; Watchdog timer
                                                            
  103 000000A8 00000000        DCD              BOD_IRQHandler 
                                                            ; Brown Out Detect
  104 000000AC 00000000        DCD              FMC_IRQHandler ; IP2111 Flash M
                                                            emory Controller
  105 000000B0 00000000        DCD              Reserved_IRQHandler ; Reserved
  106 000000B4 00000000        DCD              Reserved_IRQHandler ; Reserved
  107 000000B8 00000000        DCD              USBWakeup_IRQHandler 
                                                            ; USB wake up
  108 000000BC 00000000        DCD              Reserved_IRQHandler ; Reserved
  109 000000C0         
  110 000000C0         
  111 000000C0                 IF               :LNOT::DEF:NO_CRP
  114                          ENDIF
  115 000000C0         
  116 000000C0         
  117 000000C0                 AREA             |.text|, CODE, READONLY
  118 00000000         
  119 00000000         
  120 00000000         ; Reset Handler
  121 00000000         
  122 00000000         Reset_Handler
                               PROC
  123 00000000                 EXPORT           Reset_Handler [WEAK]
  124 00000000         ;IMPORT  nsAPI_System_Init
  125 00000000                 IMPORT           __main
  126 00000000         ;LDR     R0, =nsAPI_System_Init
  127 00000000         ;BLX     R0
  128 00000000 4803            LDR              R0, =__main
  129 00000002 4700            BX               R0
  130 00000004                 ENDP
  131 00000004         
  132 00000004         
  133 00000004         ; Dummy Exception Handlers (infinite loops which can be 
                       modified)                
  134 00000004         
  135 00000004         ; now, under COMMON NMI.c and NMI.h, a real NMI handler 
                       is created if NMI is enabled 
  136 00000004         ; for particular peripheral.
  137 00000004         ;NMI_Handler     PROC
  138 00000004         ;                EXPORT  NMI_Handler               [WEAK
                       ]
  139 00000004         ;                B       .



ARM Macro Assembler    Page 4 


  140 00000004         ;                ENDP
  142 00000004         HardFault_Handler
                               PROC
  143 00000004                 EXPORT           HardFault_Handler         [WEAK
]
  144 00000004 E7FE            B                .
  145 00000006                 ENDP
  146 00000006         SVC_Handler
                               PROC
  147 00000006                 EXPORT           SVC_Handler               [WEAK
]
  148 00000006 E7FE            B                .
  149 00000008                 ENDP
  150 00000008         PendSV_Handler
                               PROC
  151 00000008                 EXPORT           PendSV_Handler            [WEAK
]
  152 00000008 E7FE            B                .
  153 0000000A                 ENDP
  154 0000000A         ;SysTick_Handler PROC
  155 0000000A         ;                EXPORT  SysTick_Handler           [WEAK
                       ]
  156 0000000A         ;                B       .
  157 0000000A         ;                ENDP
  158 0000000A         Reserved_IRQHandler
                               PROC
  159 0000000A                 EXPORT           Reserved_IRQHandler       [WEAK
]
  160 0000000A E7FE            B                .
  161 0000000C                 ENDP
  162 0000000C         
  163 0000000C         Default_Handler
                               PROC
  164 0000000C                 EXPORT           NMI_Handler               [WEAK
]
  165 0000000C                 EXPORT           SysTick_Handler  [WEAK]
  166 0000000C                 EXPORT           FLEX_INT0_IRQHandler      [WEAK
]
  167 0000000C                 EXPORT           FLEX_INT1_IRQHandler      [WEAK
]
  168 0000000C                 EXPORT           FLEX_INT2_IRQHandler      [WEAK
]
  169 0000000C                 EXPORT           FLEX_INT3_IRQHandler      [WEAK
]
  170 0000000C                 EXPORT           FLEX_INT4_IRQHandler      [WEAK
]
  171 0000000C                 EXPORT           FLEX_INT5_IRQHandler      [WEAK
]
  172 0000000C                 EXPORT           FLEX_INT6_IRQHandler      [WEAK
]
  173 0000000C                 EXPORT           FLEX_INT7_IRQHandler      [WEAK
]
  174 0000000C                 EXPORT           GINT0_IRQHandler          [WEAK
]
  175 0000000C                 EXPORT           GINT1_IRQHandler          [WEAK
]
  176 0000000C                 EXPORT           SSP1_IRQHandler           [WEAK
]
  177 0000000C                 EXPORT           I2C_IRQHandler            [WEAK



ARM Macro Assembler    Page 5 


]
  178 0000000C                 EXPORT           TIMER16_0_IRQHandler      [WEAK
]
  179 0000000C                 EXPORT           TIMER16_1_IRQHandler      [WEAK
]
  180 0000000C                 EXPORT           TIMER32_0_IRQHandler      [WEAK
]
  181 0000000C                 EXPORT           TIMER32_1_IRQHandler      [WEAK
]
  182 0000000C                 EXPORT           SSP0_IRQHandler           [WEAK
]
  183 0000000C                 EXPORT           UART_IRQHandler           [WEAK
]
  184 0000000C         
  185 0000000C                 EXPORT           USB_IRQHandler            [WEAK
]
  186 0000000C                 EXPORT           USB_FIQHandler            [WEAK
]
  187 0000000C                 EXPORT           ADC_IRQHandler            [WEAK
]
  188 0000000C                 EXPORT           WDT_IRQHandler            [WEAK
]
  189 0000000C                 EXPORT           BOD_IRQHandler            [WEAK
]
  190 0000000C                 EXPORT           FMC_IRQHandler            [WEAK
]
  191 0000000C                 EXPORT           USBWakeup_IRQHandler      [WEAK
]
  192 0000000C         
  193 0000000C         NMI_Handler
  194 0000000C         SysTick_Handler
  195 0000000C         FLEX_INT0_IRQHandler
  196 0000000C         FLEX_INT1_IRQHandler
  197 0000000C         FLEX_INT2_IRQHandler
  198 0000000C         FLEX_INT3_IRQHandler
  199 0000000C         FLEX_INT4_IRQHandler
  200 0000000C         FLEX_INT5_IRQHandler
  201 0000000C         FLEX_INT6_IRQHandler
  202 0000000C         FLEX_INT7_IRQHandler
  203 0000000C         GINT0_IRQHandler
  204 0000000C         GINT1_IRQHandler
  205 0000000C         SSP1_IRQHandler
  206 0000000C         I2C_IRQHandler
  207 0000000C         TIMER16_0_IRQHandler
  208 0000000C         TIMER16_1_IRQHandler
  209 0000000C         TIMER32_0_IRQHandler
  210 0000000C         TIMER32_1_IRQHandler
  211 0000000C         SSP0_IRQHandler
  212 0000000C         UART_IRQHandler
  213 0000000C         USB_IRQHandler
  214 0000000C         USB_FIQHandler
  215 0000000C         ADC_IRQHandler
  216 0000000C         WDT_IRQHandler
  217 0000000C         BOD_IRQHandler
  218 0000000C         FMC_IRQHandler
  219 0000000C         USBWakeup_IRQHandler
  220 0000000C         
  221 0000000C E7FE            B                .
  222 0000000E         



ARM Macro Assembler    Page 6 


  223 0000000E                 ENDP
  224 0000000E         
  225 0000000E         
  226 0000000E 00 00           ALIGN
  227 00000010         
  228 00000010         
  229 00000010         ; User Initial Stack & Heap
  230 00000010         
  231 00000010                 IF               :DEF:__MICROLIB
  232 00000010         
  233 00000010                 EXPORT           __initial_sp
  234 00000010                 EXPORT           __heap_base
  235 00000010                 EXPORT           __heap_limit
  236 00000010         
  237 00000010                 ELSE
  251                          ENDIF
  252 00000010         
  253 00000010         
  254 00000010                 END
              00000000 
Command Line: --debug --xref --diag_suppress=9931 --cpu=Cortex-M0 --apcs=interw
ork --depend=.\obj\startup_lpc11uxx.d -o.\obj\startup_lpc11uxx.o -IC:\Keil_v5\A
RM\RV31\INC -IC:\Keil_v5\ARM\INC\NXP\LPC11Uxx --predefine="__MICROLIB SETA 1" -
-predefine="__UVISION_VERSION SETA 536" --predefine="NO_CRP SETA 1" --list=.\ls
t\startup_lpc11uxx.lst Src\startup_LPC11Uxx.s



ARM Macro Assembler    Page 1 Alphabetic symbol ordering
Relocatable symbols

STACK 00000000

Symbol: STACK
   Definitions
      At line 33 in file Src\startup_LPC11Uxx.s
   Uses
      None
Comment: STACK unused
Stack_Mem 00000000

Symbol: Stack_Mem
   Definitions
      At line 34 in file Src\startup_LPC11Uxx.s
   Uses
      None
Comment: Stack_Mem unused
__initial_sp 00000200

Symbol: __initial_sp
   Definitions
      At line 35 in file Src\startup_LPC11Uxx.s
   Uses
      At line 59 in file Src\startup_LPC11Uxx.s
      At line 233 in file Src\startup_LPC11Uxx.s

3 symbols



ARM Macro Assembler    Page 1 Alphabetic symbol ordering
Relocatable symbols

HEAP 00000000

Symbol: HEAP
   Definitions
      At line 44 in file Src\startup_LPC11Uxx.s
   Uses
      None
Comment: HEAP unused
Heap_Mem 00000000

Symbol: Heap_Mem
   Definitions
      At line 46 in file Src\startup_LPC11Uxx.s
   Uses
      None
Comment: Heap_Mem unused
__heap_base 00000000

Symbol: __heap_base
   Definitions
      At line 45 in file Src\startup_LPC11Uxx.s
   Uses
      At line 234 in file Src\startup_LPC11Uxx.s
Comment: __heap_base used once
__heap_limit 00000000

Symbol: __heap_limit
   Definitions
      At line 47 in file Src\startup_LPC11Uxx.s
   Uses
      At line 235 in file Src\startup_LPC11Uxx.s
Comment: __heap_limit used once
4 symbols



ARM Macro Assembler    Page 1 Alphabetic symbol ordering
Relocatable symbols

RESET 00000000

Symbol: RESET
   Definitions
      At line 56 in file Src\startup_LPC11Uxx.s
   Uses
      None
Comment: RESET unused
__Vectors 00000000

Symbol: __Vectors
   Definitions
      At line 59 in file Src\startup_LPC11Uxx.s
   Uses
      At line 57 in file Src\startup_LPC11Uxx.s
Comment: __Vectors used once
2 symbols



ARM Macro Assembler    Page 1 Alphabetic symbol ordering
Relocatable symbols

.text 00000000

Symbol: .text
   Definitions
      At line 117 in file Src\startup_LPC11Uxx.s
   Uses
      None
Comment: .text unused
ADC_IRQHandler 0000000C

Symbol: ADC_IRQHandler
   Definitions
      At line 215 in file Src\startup_LPC11Uxx.s
   Uses
      At line 101 in file Src\startup_LPC11Uxx.s
      At line 187 in file Src\startup_LPC11Uxx.s

BOD_IRQHandler 0000000C

Symbol: BOD_IRQHandler
   Definitions
      At line 217 in file Src\startup_LPC11Uxx.s
   Uses
      At line 103 in file Src\startup_LPC11Uxx.s
      At line 189 in file Src\startup_LPC11Uxx.s

Default_Handler 0000000C

Symbol: Default_Handler
   Definitions
      At line 163 in file Src\startup_LPC11Uxx.s
   Uses
      None
Comment: Default_Handler unused
FLEX_INT0_IRQHandler 0000000C

Symbol: FLEX_INT0_IRQHandler
   Definitions
      At line 195 in file Src\startup_LPC11Uxx.s
   Uses
      At line 77 in file Src\startup_LPC11Uxx.s
      At line 166 in file Src\startup_LPC11Uxx.s

FLEX_INT1_IRQHandler 0000000C

Symbol: FLEX_INT1_IRQHandler
   Definitions
      At line 196 in file Src\startup_LPC11Uxx.s
   Uses
      At line 78 in file Src\startup_LPC11Uxx.s
      At line 167 in file Src\startup_LPC11Uxx.s

FLEX_INT2_IRQHandler 0000000C

Symbol: FLEX_INT2_IRQHandler
   Definitions
      At line 197 in file Src\startup_LPC11Uxx.s
   Uses
      At line 79 in file Src\startup_LPC11Uxx.s



ARM Macro Assembler    Page 2 Alphabetic symbol ordering
Relocatable symbols

      At line 168 in file Src\startup_LPC11Uxx.s

FLEX_INT3_IRQHandler 0000000C

Symbol: FLEX_INT3_IRQHandler
   Definitions
      At line 198 in file Src\startup_LPC11Uxx.s
   Uses
      At line 80 in file Src\startup_LPC11Uxx.s
      At line 169 in file Src\startup_LPC11Uxx.s

FLEX_INT4_IRQHandler 0000000C

Symbol: FLEX_INT4_IRQHandler
   Definitions
      At line 199 in file Src\startup_LPC11Uxx.s
   Uses
      At line 81 in file Src\startup_LPC11Uxx.s
      At line 170 in file Src\startup_LPC11Uxx.s

FLEX_INT5_IRQHandler 0000000C

Symbol: FLEX_INT5_IRQHandler
   Definitions
      At line 200 in file Src\startup_LPC11Uxx.s
   Uses
      At line 82 in file Src\startup_LPC11Uxx.s
      At line 171 in file Src\startup_LPC11Uxx.s

FLEX_INT6_IRQHandler 0000000C

Symbol: FLEX_INT6_IRQHandler
   Definitions
      At line 201 in file Src\startup_LPC11Uxx.s
   Uses
      At line 83 in file Src\startup_LPC11Uxx.s
      At line 172 in file Src\startup_LPC11Uxx.s

FLEX_INT7_IRQHandler 0000000C

Symbol: FLEX_INT7_IRQHandler
   Definitions
      At line 202 in file Src\startup_LPC11Uxx.s
   Uses
      At line 84 in file Src\startup_LPC11Uxx.s
      At line 173 in file Src\startup_LPC11Uxx.s

FMC_IRQHandler 0000000C

Symbol: FMC_IRQHandler
   Definitions
      At line 218 in file Src\startup_LPC11Uxx.s
   Uses
      At line 104 in file Src\startup_LPC11Uxx.s
      At line 190 in file Src\startup_LPC11Uxx.s

GINT0_IRQHandler 0000000C

Symbol: GINT0_IRQHandler



ARM Macro Assembler    Page 3 Alphabetic symbol ordering
Relocatable symbols

   Definitions
      At line 203 in file Src\startup_LPC11Uxx.s
   Uses
      At line 85 in file Src\startup_LPC11Uxx.s
      At line 174 in file Src\startup_LPC11Uxx.s

GINT1_IRQHandler 0000000C

Symbol: GINT1_IRQHandler
   Definitions
      At line 204 in file Src\startup_LPC11Uxx.s
   Uses
      At line 86 in file Src\startup_LPC11Uxx.s
      At line 175 in file Src\startup_LPC11Uxx.s

HardFault_Handler 00000004

Symbol: HardFault_Handler
   Definitions
      At line 142 in file Src\startup_LPC11Uxx.s
   Uses
      At line 62 in file Src\startup_LPC11Uxx.s
      At line 143 in file Src\startup_LPC11Uxx.s

I2C_IRQHandler 0000000C

Symbol: I2C_IRQHandler
   Definitions
      At line 206 in file Src\startup_LPC11Uxx.s
   Uses
      At line 92 in file Src\startup_LPC11Uxx.s
      At line 177 in file Src\startup_LPC11Uxx.s

NMI_Handler 0000000C

Symbol: NMI_Handler
   Definitions
      At line 193 in file Src\startup_LPC11Uxx.s
   Uses
      At line 61 in file Src\startup_LPC11Uxx.s
      At line 164 in file Src\startup_LPC11Uxx.s

PendSV_Handler 00000008

Symbol: PendSV_Handler
   Definitions
      At line 150 in file Src\startup_LPC11Uxx.s
   Uses
      At line 73 in file Src\startup_LPC11Uxx.s
      At line 151 in file Src\startup_LPC11Uxx.s

Reserved_IRQHandler 0000000A

Symbol: Reserved_IRQHandler
   Definitions
      At line 158 in file Src\startup_LPC11Uxx.s
   Uses
      At line 87 in file Src\startup_LPC11Uxx.s
      At line 88 in file Src\startup_LPC11Uxx.s



ARM Macro Assembler    Page 4 Alphabetic symbol ordering
Relocatable symbols

      At line 89 in file Src\startup_LPC11Uxx.s
      At line 90 in file Src\startup_LPC11Uxx.s
      At line 105 in file Src\startup_LPC11Uxx.s
      At line 106 in file Src\startup_LPC11Uxx.s
      At line 108 in file Src\startup_LPC11Uxx.s
      At line 159 in file Src\startup_LPC11Uxx.s

Reset_Handler 00000000

Symbol: Reset_Handler
   Definitions
      At line 122 in file Src\startup_LPC11Uxx.s
   Uses
      At line 60 in file Src\startup_LPC11Uxx.s
      At line 123 in file Src\startup_LPC11Uxx.s

SSP0_IRQHandler 0000000C

Symbol: SSP0_IRQHandler
   Definitions
      At line 211 in file Src\startup_LPC11Uxx.s
   Uses
      At line 97 in file Src\startup_LPC11Uxx.s
      At line 182 in file Src\startup_LPC11Uxx.s

SSP1_IRQHandler 0000000C

Symbol: SSP1_IRQHandler
   Definitions
      At line 205 in file Src\startup_LPC11Uxx.s
   Uses
      At line 91 in file Src\startup_LPC11Uxx.s
      At line 176 in file Src\startup_LPC11Uxx.s

SVC_Handler 00000006

Symbol: SVC_Handler
   Definitions
      At line 146 in file Src\startup_LPC11Uxx.s
   Uses
      At line 70 in file Src\startup_LPC11Uxx.s
      At line 147 in file Src\startup_LPC11Uxx.s

SysTick_Handler 0000000C

Symbol: SysTick_Handler
   Definitions
      At line 194 in file Src\startup_LPC11Uxx.s
   Uses
      At line 74 in file Src\startup_LPC11Uxx.s
      At line 165 in file Src\startup_LPC11Uxx.s

TIMER16_0_IRQHandler 0000000C

Symbol: TIMER16_0_IRQHandler
   Definitions
      At line 207 in file Src\startup_LPC11Uxx.s
   Uses
      At line 93 in file Src\startup_LPC11Uxx.s



ARM Macro Assembler    Page 5 Alphabetic symbol ordering
Relocatable symbols

      At line 178 in file Src\startup_LPC11Uxx.s

TIMER16_1_IRQHandler 0000000C

Symbol: TIMER16_1_IRQHandler
   Definitions
      At line 208 in file Src\startup_LPC11Uxx.s
   Uses
      At line 94 in file Src\startup_LPC11Uxx.s
      At line 179 in file Src\startup_LPC11Uxx.s

TIMER32_0_IRQHandler 0000000C

Symbol: TIMER32_0_IRQHandler
   Definitions
      At line 209 in file Src\startup_LPC11Uxx.s
   Uses
      At line 95 in file Src\startup_LPC11Uxx.s
      At line 180 in file Src\startup_LPC11Uxx.s

TIMER32_1_IRQHandler 0000000C

Symbol: TIMER32_1_IRQHandler
   Definitions
      At line 210 in file Src\startup_LPC11Uxx.s
   Uses
      At line 96 in file Src\startup_LPC11Uxx.s
      At line 181 in file Src\startup_LPC11Uxx.s

UART_IRQHandler 0000000C

Symbol: UART_IRQHandler
   Definitions
      At line 212 in file Src\startup_LPC11Uxx.s
   Uses
      At line 98 in file Src\startup_LPC11Uxx.s
      At line 183 in file Src\startup_LPC11Uxx.s

USBWakeup_IRQHandler 0000000C

Symbol: USBWakeup_IRQHandler
   Definitions
      At line 219 in file Src\startup_LPC11Uxx.s
   Uses
      At line 107 in file Src\startup_LPC11Uxx.s
      At line 191 in file Src\startup_LPC11Uxx.s

USB_FIQHandler 0000000C

Symbol: USB_FIQHandler
   Definitions
      At line 214 in file Src\startup_LPC11Uxx.s
   Uses
      At line 100 in file Src\startup_LPC11Uxx.s
      At line 186 in file Src\startup_LPC11Uxx.s

USB_IRQHandler 0000000C

Symbol: USB_IRQHandler



ARM Macro Assembler    Page 6 Alphabetic symbol ordering
Relocatable symbols

   Definitions
      At line 213 in file Src\startup_LPC11Uxx.s
   Uses
      At line 99 in file Src\startup_LPC11Uxx.s
      At line 185 in file Src\startup_LPC11Uxx.s

WDT_IRQHandler 0000000C

Symbol: WDT_IRQHandler
   Definitions
      At line 216 in file Src\startup_LPC11Uxx.s
   Uses
      At line 102 in file Src\startup_LPC11Uxx.s
      At line 188 in file Src\startup_LPC11Uxx.s

34 symbols



ARM Macro Assembler    Page 1 Alphabetic symbol ordering
Absolute symbols

Heap_Size 00000000

Symbol: Heap_Size
   Definitions
      At line 42 in file Src\startup_LPC11Uxx.s
   Uses
      At line 46 in file Src\startup_LPC11Uxx.s
Comment: Heap_Size used once
Stack_Size 00000200

Symbol: Stack_Size
   Definitions
      At line 31 in file Src\startup_LPC11Uxx.s
   Uses
      At line 34 in file Src\startup_LPC11Uxx.s
Comment: Stack_Size used once
2 symbols



ARM Macro Assembler    Page 1 Alphabetic symbol ordering
External symbols

__main 00000000

Symbol: __main
   Definitions
      At line 125 in file Src\startup_LPC11Uxx.s
   Uses
      At line 128 in file Src\startup_LPC11Uxx.s
Comment: __main used once
1 symbol
381 symbols in table
