C51 COMPILER V9.02   DISPLAY_PAO2BIAN                                                      01/10/2018 10:31:52 PAGE 1   


C51 COMPILER V9.02, COMPILATION OF MODULE DISPLAY_PAO2BIAN
OBJECT MODULE PLACED IN .\output\Display_Pao2Bian.obj
COMPILER INVOKED BY: C:\Keil\C51\BIN\C51.EXE src\Display_Pao2Bian.c LARGE WARNINGLEVEL(0) BROWSE DEBUG OBJECTEXTEND PRIN
                    -T(.\Listings\Display_Pao2Bian.lst) OBJECT(.\output\Display_Pao2Bian.obj)

line level    source

   1          #include "..\include\SH68F90.h"
   2          #include "..\include\stdtype.h"
   3          #include "..\include\mcu_def.h"
   4          #include "..\include\pwm_control.h"
   5          #include ".\include\Auser.h"
   6          #include "..\include\CFG.h"
   7          #include <intrins.h>
   8          #include <string.h>
   9          U8 xdata Brightness_s;
  10          //***********************************
  11          void Deal_R0_Image22(void)
  12          {
  13   1              if((Image_Num>0)&&(Image_Num<21))
  14   1                      KeyDown_Image2(Image_Num,Brightness_s);
  15   1      }
  16          void Deal_R1_Image22(void)
  17          {
  18   1              if((Image_Num<42)&&(Image_Num>20))
  19   1                      KeyDown_Image2(Image_Num,Brightness_s);
  20   1      }
  21          void Deal_R2_Image22(void)
  22          {
  23   1              if((Image_Num<63)&&(Image_Num>41))      //R2
  24   1                      KeyDown_Image2(Image_Num,Brightness_s);
  25   1      }
  26          void Deal_R3_Image22(void)
  27          {
  28   1              if((Image_Num<84)&&(Image_Num>62))      //R3
  29   1                      KeyDown_Image2(Image_Num,Brightness_s);
  30   1      }
  31          void Deal_R4_Image22(void)
  32          {
  33   1              if((Image_Num<105)&&(Image_Num>83))     //R4
  34   1                      KeyDown_Image2(Image_Num,Brightness_s);
  35   1      }
  36          void Deal_R5_Image22(void)
  37          {
  38   1              if((Image_Num<125)&&(Image_Num>104))//R5
  39   1                      KeyDown_Image2(Image_Num,Brightness_s);
  40   1      }
  41          //**********************************
  42          void Deal_R_NUM(U8 R_NUM,NUM_Brightness)
  43          {
  44   1              U8 i;
  45   1                      Brightness_s=0;
  46   1              if(NUM_Brightness==5)
  47   1                      Brightness_s=45;
  48   1              else if(NUM_Brightness==4)
  49   1                      Brightness_s=35;
  50   1              else if(NUM_Brightness==3)
  51   1                      Brightness_s=20;
  52   1              else if(NUM_Brightness==2)
  53   1                      Brightness_s=10;
  54   1              else if(NUM_Brightness==1)
C51 COMPILER V9.02   DISPLAY_PAO2BIAN                                                      01/10/2018 10:31:52 PAGE 2   

  55   1                      Brightness_s=3; 
  56   1              else if(NUM_Brightness==0)
  57   1                      Brightness_s=1;                 
  58   1              //***************************   
  59   1              if(R_NUM==0)
  60   1                      Deal_R0_Image22();
  61   1              else if(R_NUM==1)
  62   1                      Deal_R1_Image22();      
  63   1              else if(R_NUM==2)
  64   1                      Deal_R2_Image22();      
  65   1              else if(R_NUM==3)
  66   1                      Deal_R3_Image22();      
  67   1              else if(R_NUM==4)
  68   1                      Deal_R4_Image22();      
  69   1              else if(R_NUM==5)
  70   1                      Deal_R5_Image22();      
  71   1      }
  72          void F_Deal_Pao2Bian_Tab(U8 Num_R,N_Num6,Big_Num6)
  73          {
  74   1              //U8 i;
  75   1              //for(i=0; i<6; i++)
  76   1              {
  77   2                      Image_Num=N_Num6+Big_Num6+i;
*** ERROR C202 IN LINE 77 OF SRC\DISPLAY_PAO2BIAN.C: 'i': undefined identifier
  78   2                      Deal_R_NUM(Num_R,i);
*** ERROR C202 IN LINE 78 OF SRC\DISPLAY_PAO2BIAN.C: 'i': undefined identifier
  79   2                      Image_Num=N_Num6-Big_Num6-i;
*** ERROR C202 IN LINE 79 OF SRC\DISPLAY_PAO2BIAN.C: 'i': undefined identifier
  80   2                      Deal_R_NUM(Num_R,i);
*** ERROR C202 IN LINE 80 OF SRC\DISPLAY_PAO2BIAN.C: 'i': undefined identifier
  81   2              }
  82   1      }
  83          void Deal_Pao2Bian_Data(void)
  84          {
  85   1              if((Temp_NUM>=0)&&(Temp_NUM<=20))
  86   1              {
  87   2                      F_Deal_Pao2Bian_Tab(0,Temp_NUM,Temp_NUM_Image); 
  88   2              }
  89   1              else if((Temp_NUM>=21)&&(Temp_NUM<=41)) 
  90   1              {
  91   2                      F_Deal_Pao2Bian_Tab(1,Temp_NUM,Temp_NUM_Image); 
  92   2              }
  93   1              else if((Temp_NUM>=42)&&(Temp_NUM<=62))                 
  94   1              {
  95   2                      F_Deal_Pao2Bian_Tab(2,Temp_NUM,Temp_NUM_Image); 
  96   2              }
  97   1              else if((Temp_NUM>=63)&&(Temp_NUM<=83)) 
  98   1              {
  99   2                      F_Deal_Pao2Bian_Tab(3,Temp_NUM,Temp_NUM_Image); 
 100   2              }       
 101   1              else if((Temp_NUM>=84)&&(Temp_NUM<=104))        
 102   1              {
 103   2                      F_Deal_Pao2Bian_Tab(4,Temp_NUM,Temp_NUM_Image); 
 104   2              }
 105   1              else if((Temp_NUM>=105)&&(Temp_NUM<=125))       
 106   1              {
 107   2                      F_Deal_Pao2Bian_Tab(5,Temp_NUM,Temp_NUM_Image); 
 108   2              }       
 109   1      }
 110          //******************************************
 111          void Deal_Pao2Bian_Mode(void)
 112          {
C51 COMPILER V9.02   DISPLAY_PAO2BIAN                                                      01/10/2018 10:31:52 PAGE 3   

 113   1              U8      i;
 114   1              U8      i1;
 115   1              U8      i3;
 116   1              U8      j;
 117   1              U32 i2;
 118   1              if(!b_HangPao_Mode)
 119   1                      return;
 120   1                      Temp_Speed++;   
 121   1              if(Speed_Data>=4)
 122   1                      i1=6;
 123   1              else if(Speed_Data==3)
 124   1                      i1=5;   
 125   1              else if(Speed_Data==2)
 126   1                      i1=4;           
 127   1              else if(Speed_Data==1)
 128   1                      i1=3;   
 129   1              else if(Speed_Data==0)
 130   1                      i1=2;           
 131   1              if(Temp_Speed>i1)       
 132   1              {
 133   2                      Temp_Speed=0;
 134   2                      i2=0x000001;    
 135   2                      Clear_All_Image();
 136   2                              for(i3=0;i3<21;i3++)            
 137   2                              {
 138   3                                      if(b_Heng_Mode&i2)
 139   3                                      {
 140   4                                              Image_Num_Times[i3]++;
*** ERROR C187 IN LINE 140 OF SRC\DISPLAY_PAO2BIAN.C: not an lvalue
 141   4                                              if(Image_Num_Times[i3]>24)
 142   4                                                      {
 143   5                                                              Image_Num_Times[i3]=0;
 144   5                                                              b_Heng_Mode&=~i2;
 145   5                                                              PaoHeng_Image_Num[i3]=0;
 146   5                                                              Clear_All_Image();
 147   5                                                      }
 148   4                                              else
 149   4                                                      {
 150   5                                                              Temp_NUM=PaoHeng_Image_Num[i3];
 151   5                                                              Temp_NUM_Image=Image_Num_Times[i3];
 152   5                                                              Deal_Pao2Bian_Data();
 153   5                                                      }
 154   4                                      }
 155   3                                      i2=i2<<1;
 156   3                              }       
 157   2              }
 158   1      }

C51 COMPILATION COMPLETE.  0 WARNING(S),  5 ERROR(S)
