C51 COMPILER V9.60.0.0   DISPLAY_BOLANG                                                    09/23/2022 11:52:50 PAGE 1   


C51 COMPILER V9.60.0.0, COMPILATION OF MODULE DISPLAY_BOLANG
OBJECT MODULE PLACED IN .\output\Display_BoLang.obj
COMPILER INVOKED BY: C:\Keil_v5\C51\BIN\C51.EXE src\Display_BoLang.c LARGE WARNINGLEVEL(0) OPTIMIZE(8,SPEED) BROWSE DEBU
                    -G OBJECTEXTEND PRINT(.\Listings\Display_BoLang.lst) OBJECT(.\output\Display_BoLang.obj)

line level    source

   1          #include "..\include\SH68F90.h"
   2          #include "..\include\stdtype.h"
   3          #include "..\include\mcu_def.h"
   4          #include "..\include\pwm_control.h"
   5          #include ".\include\Auser.h"
   6          #include "..\include\CFG.h"
   7          #include <intrins.h>
   8          #include <string.h>
   9          U8 xdata Temp_Speed;
  10          code const U8 Deal_BoLang_0     [36]=
  11          {
  12                  0,21,42,63,84,105,
  13                  105,84,63,42,21,0,
  14                  0,21,42,63,84,105,
  15                  105,84,63,42,21,0,
  16                  0,21,42,63,84,105,
  17                  105,84,63,42,21,0,
  18          };
  19          void Dispaly_BoLang_Mode(void)//ÏÔÊ¾²¨ÀËÄ£Ê½
  20          {
  21   1              U8 i,j,j7;
  22   1              if(!b_BoLang_Mode)
  23   1                      return;
  24   1              if(Speed_Data==0)
  25   1                      j7=6;
  26   1              else if(Speed_Data==1)
  27   1                      j7=8;
  28   1              else if(Speed_Data==2)
  29   1                      j7=10;  
  30   1              else if(Speed_Data==3)
  31   1                      j7=12;          
  32   1              else if(Speed_Data>=4)
  33   1                      j7=14;          
  34   1                      Temp_Speed++;
  35   1              if(Temp_Speed>j7)
  36   1              {
  37   2                      Temp_Speed=0;
  38   2                      Run_Time++;     
  39   2                      if(Run_Time>=12)
  40   2                              Run_Time=0;
  41   2                      Clear_All_Image();
  42   2                      for(j=0; j<21; j++)
  43   2                      {
  44   3                              Image_Num=Deal_BoLang_0[Run_Time+j+4]+j;
  45   3                              //if(Brack_b(Image_Num))
  46   3                              Change_AColor_Time(Image_Num);  
  47   3                              Deal_K45_Image();       
  48   3                      }
  49   2                      
  50   2                      j=Brack_b(17);
  51   2                      j=Brack_b(18);
  52   2                      j=Brack_b(19);
  53   2                      j=Brack_b(20);
  54   2                      
C51 COMPILER V9.60.0.0   DISPLAY_BOLANG                                                    09/23/2022 11:52:50 PAGE 2   

  55   2                      j=Brack_b(43);
  56   2                      j=Brack_b(44);
  57   2                      j=Brack_b(45);
  58   2                      j=Brack_b(52);
  59   2                      j=Brack_b(110);
  60   2                      j=Brack_b(114);
  61   2                      
  62   2              }
  63   1      }
  64          
  65          


MODULE INFORMATION:   STATIC OVERLAYABLE
   CODE SIZE        =    305    ----
   CONSTANT SIZE    =     36    ----
   XDATA SIZE       =      1       3
   PDATA SIZE       =   ----    ----
   DATA SIZE        =   ----    ----
   IDATA SIZE       =   ----    ----
   BIT SIZE         =   ----    ----
END OF MODULE INFORMATION.


C51 COMPILATION COMPLETE.  0 WARNING(S),  0 ERROR(S)
