C51 COMPILER V9.60.0.0   EFFECT_LIGHT_2                                                    09/23/2022 11:52:50 PAGE 1   


C51 COMPILER V9.60.0.0, COMPILATION OF MODULE EFFECT_LIGHT_2
OBJECT MODULE PLACED IN .\output\Effect_light_2.obj
COMPILER INVOKED BY: C:\Keil_v5\C51\BIN\C51.EXE src\Effect_light_2.c LARGE WARNINGLEVEL(0) OPTIMIZE(8,SPEED) BROWSE DEBU
                    -G OBJECTEXTEND PRINT(.\Listings\Effect_light_2.lst) OBJECT(.\output\Effect_light_2.obj)

line level    source

   1          #include "..\include\SH68F90.h"
   2          #include "..\include\stdtype.h"
   3          #include "..\include\mcu_def.h"
   4          #include "..\include\pwm_control.h"
   5          #include ".\include\Auser.h"
   6          #include "..\include\CFG.h"
   7          #include <intrins.h>
   8          #include <string.h>
   9          
  10          code const U8 Effect2_Tab0      [21]=
  11          {
  12                  0,1,2,3,4,5,6,7,8,9,10,11,12,13,14,15,16,17,18,19,20,
  13          };
  14          code const U8 Effect2_Tab1      [22]=
  15          {
  16                  125,
  17                  21,22,23,24,25,26,27,28,29,30,31,32,33,34,35,36,37,38,39,40,41,
  18          };
  19          code const U8 Effect2_Tab2      [23]=
  20          {
  21                  125,125,
  22                  42,43,44,45,46,47,48,49,50,51,52,53,54,55,56,57,58,59,60,61,62, 
  23          };
  24          code const U8 Effect2_Tab3      [24]=
  25          {
  26                  125,125,125,
  27                  63,64,65,66,67,68,69,70,71,72,73,74,75,76,77,78,79,80,81,82,83,
  28          };
  29          code const U8 Effect2_Tab4      [25]=
  30          {
  31                  125,125,125,125,
  32                  84,85,86,87,88,89,90,91,92,93,94,95,96,97,98,99,100,101,102,103,104,
  33          };
  34          code const U8 Effect2_Tab5      [26]=
  35          {
  36                  125,125,125,125,125,
  37                  105,106,107,108,109,110,111,112,113,114,115,116,117,118,119,120,121,122,123,124,125,
  38          };
  39          ///----------------------------------------------------------------------
  40          code const U8 Effect2_Tab20     [21]=
  41          {
  42                  20,19,18,17,16,15,14,13,12,11,10,9,8,7,6,5,4,3,2,1,0,
  43          };
  44          code const U8 Effect2_Tab21     [23]=
  45          {
  46                  125,125,
  47                  41,40,39,38,37,36,35,34,33,32,31,30,29,28,27,26,25,24,23,22,21,
  48          };
  49          code const U8 Effect2_Tab22     [24]=
  50          {
  51                  125,125,125,
  52                  62,61,60,59,58,57,56,55,54,53,52,51,50,49,48,47,46,45,44,43,42,
  53          };
  54          code const U8 Effect2_Tab23     [25]=
C51 COMPILER V9.60.0.0   EFFECT_LIGHT_2                                                    09/23/2022 11:52:50 PAGE 2   

  55          {
  56                  125,125,125,125,
  57                  83,82,81,80,79,78,77,76,75,74,73,72,71,70,69,68,67,66,65,64,63,
  58          };
  59          code const U8 Effect2_Tab24     [26]=
  60          {
  61                  125,125,125,125,125,
  62                  104,103,102,101,100,99,98,97,96,95,94,93,92,91,90,89,88,87,86,85,84,    
  63          };
  64          code const U8 Effect2_Tab25     [27]=
  65          {
  66                  125,125,125,125,125,125,
  67                  125,124,123,122,121,120,119,118,117,116,115,114,113,112,111,110,109,108,107,106,105,    
  68          };
  69          //*****************************************
  70          void Start_Effect_light_Time2(void)
  71          {
  72   1                      U8 i,i1,j,j1;
  73   1              if(!b_Effect_light_2)
  74   1                      return;
  75   1              if(Speed_Data==0)
  76   1              {       
  77   2                      j=1;
  78   2                      j1=5;
  79   2              }
  80   1              else if(Speed_Data==1)
  81   1              {       
  82   2                      j=2;
  83   2                      j1=4;
  84   2              }
  85   1              else if(Speed_Data==2)
  86   1              {       
  87   2                      j=3;    
  88   2                      j1=3;
  89   2              }
  90   1              else if(Speed_Data==3)
  91   1              {       
  92   2                      j=4;    
  93   2                      j1=2;
  94   2              }       
  95   1              else if(Speed_Data>=4)
  96   1              {       
  97   2                      j=5;    
  98   2                      j1=1;
  99   2              }
 100   1              Temp_Speed++;
 101   1              if(Temp_Speed>j+2)
 102   1              {
 103   2                      Temp_Speed=0;   
 104   2                      if(b_PaoMa1)
 105   2                      {               
 106   3                              if(Run_Time<21)
 107   3                              {       
 108   4                                      i=Effect2_Tab0[Run_Time];
 109   4                                      Change_AColor_Time(i);  //Deal_P7_Data(i,Run_Time);
 110   4                              }
 111   3                              ////////////////////////////////////
 112   3                              if(Run_Time<22)
 113   3                              {       
 114   4                                      i=Effect2_Tab1[Run_Time];
 115   4                                      Change_AColor_Time(i);  //Deal_P7_Data(i,Run_Time);
 116   4                              }
C51 COMPILER V9.60.0.0   EFFECT_LIGHT_2                                                    09/23/2022 11:52:50 PAGE 3   

 117   3                              ////////////////////////////////////
 118   3                              if(Run_Time<23)
 119   3                              {       
 120   4                                      i=Effect2_Tab2[Run_Time];
 121   4                                      Change_AColor_Time(i);  //Deal_P7_Data(i,Run_Time);
 122   4                              }
 123   3                              ////////////////////////////////////
 124   3                              if(Run_Time<24)
 125   3                              {       
 126   4                                      i=Effect2_Tab3[Run_Time];
 127   4                                      Change_AColor_Time(i);  //Deal_P7_Data(i,Run_Time);
 128   4                              }
 129   3                              ////////////////////////////////////
 130   3                              if(Run_Time<25)
 131   3                              {       
 132   4                                      i=Effect2_Tab4[Run_Time];
 133   4                                      Change_AColor_Time(i);  //Deal_P7_Data(i,Run_Time);
 134   4                              }
 135   3                              ////////////////////////////////////
 136   3                              if(Run_Time<26)
 137   3                              {       
 138   4                                      i=Effect2_Tab5[Run_Time];
 139   4                                      Change_AColor_Time(i);  //Deal_P7_Data(i,Run_Time);
 140   4                              }
 141   3                              ////////////////////////////////////
 142   3                              Deal_K45_Image();
 143   3                              Run_Time++;     
 144   3                              if(Run_Time>40+j1)
 145   3                              {       
 146   4                                      Run_Time=0;     
 147   4                                      b_PaoMa2=1;
 148   4                                      b_PaoMa1=0;
 149   4                              }
 150   3                      }
 151   2                      else if(b_PaoMa2)
 152   2                      {
 153   3                              if(Run_Time<21)
 154   3                              {       
 155   4                                      i=Effect2_Tab20[Run_Time];
 156   4                                      Change_AColor_Time(i);  //Deal_P7_Data(i,Run_Time);
 157   4                              }
 158   3                              ////////////////////////////////////
 159   3                              if(Run_Time<23)
 160   3                              {       
 161   4                                      i=Effect2_Tab21[Run_Time];
 162   4                                      Change_AColor_Time(i);  //Deal_P7_Data(i,Run_Time);
 163   4                              }
 164   3                              ////////////////////////////////////
 165   3                              if(Run_Time<24)
 166   3                              {       
 167   4                                      i=Effect2_Tab22[Run_Time];
 168   4                                      Change_AColor_Time(i);  //Deal_P7_Data(i,Run_Time);
 169   4                              }
 170   3                              ////////////////////////////////////
 171   3                              if(Run_Time<25)
 172   3                              {       
 173   4                                      i=Effect2_Tab23[Run_Time];
 174   4                                      Change_AColor_Time(i);  //Deal_P7_Data(i,Run_Time);
 175   4                              }
 176   3                              ////////////////////////////////////
 177   3                              if(Run_Time<26)
 178   3                              {       
C51 COMPILER V9.60.0.0   EFFECT_LIGHT_2                                                    09/23/2022 11:52:50 PAGE 4   

 179   4                                      i=Effect2_Tab24[Run_Time];
 180   4                                      Change_AColor_Time(i);  //Deal_P7_Data(i,Run_Time);
 181   4                              }
 182   3                              ////////////////////////////////////
 183   3                              if(Run_Time<27)
 184   3                              {       
 185   4                                      i=Effect2_Tab25[Run_Time];
 186   4                                      Change_AColor_Time(i);  //Deal_P7_Data(i,Run_Time);
 187   4                              }
 188   3                              ////////////////////////////////////
 189   3                              Deal_K45_Image();
 190   3                              Run_Time++;     
 191   3                              if(Run_Time>40+j1)
 192   3                              {       
 193   4                                      Run_Time=0;     
 194   4                                      b_PaoMa2=0;
 195   4                                      b_PaoMa1=1;
 196   4                              }
 197   3                      }
 198   2              }
 199   1      }


MODULE INFORMATION:   STATIC OVERLAYABLE
   CODE SIZE        =    677    ----
   CONSTANT SIZE    =    287    ----
   XDATA SIZE       =   ----       4
   PDATA SIZE       =   ----    ----
   DATA SIZE        =   ----    ----
   IDATA SIZE       =   ----    ----
   BIT SIZE         =   ----    ----
END OF MODULE INFORMATION.


C51 COMPILATION COMPLETE.  0 WARNING(S),  0 ERROR(S)
