C51 COMPILER V9.60.0.0   INTERRUPT                                                         09/23/2022 11:52:49 PAGE 1   


C51 COMPILER V9.60.0.0, COMPILATION OF MODULE INTERRUPT
OBJECT MODULE PLACED IN .\output\interrupt.obj
COMPILER INVOKED BY: C:\Keil_v5\C51\BIN\C51.EXE src\interrupt.c LARGE WARNINGLEVEL(0) OPTIMIZE(8,SPEED) BROWSE DEBUG OBJ
                    -ECTEXTEND PRINT(.\Listings\interrupt.lst) OBJECT(.\output\interrupt.obj)

line level    source

   1          #include "..\include\SH68F90.h"
   2          #include "..\include\stdtype.h"
   3          #include ".\include\Auser.h"
   4          #include <intrins.h>
   5          #include <string.h>
   6          extern void USB_QueryINT_Prog(void);
   7          extern void key_press_check(void);
   8          extern U8 xdata led_on_change;
   9          extern U8 bdata all_flags_two;
  10          extern bit  timer_scan_flag;
  11          U8 data Cnt_1ms;
  12          U8 data Cnt_2ms;
  13          bit fg_1ms;
  14          bit fg_2ms;
  15          bit fg_4ms;
  16          bit fg_8ms;
  17          bit fg_16ms;
  18          bit     fg_Remote;
  19          /////////////////////////////////////////////////////
  20          void timer2_init(void)
  21          {
  22   1              T2CON = 0x00;
  23   1              T2MOD = 0x00;
  24   1              RCAP2L = (65535-2000);          // 1ms  2000=1MS  1000=500US  500=250us;
  25   1              RCAP2H = (65535-2000)>>8;
  26   1              TL2 = (65535-2000);
  27   1              TH2 = (65535-2000)>>8;
  28   1              TR2 = 1;
  29   1      }
  30          void  T2_ISR(void)      interrupt  0//1ms中断
  31          {
  32   1              _push_(INSCON);
  33   1              _push_(FLASHCON);
  34   1              
  35   1                      Cnt_2ms++;
  36   1                      if(Cnt_2ms >= 16)
  37   1                      {
  38   2                              Cnt_2ms=0;
  39   2                              fg_16ms=1;
  40   2                      }       
  41   1                              Cnt_1ms++;
  42   1                      if(Cnt_1ms >= 8)
  43   1                      {
  44   2                              Cnt_1ms = 0x00;
  45   2                              fg_8ms = 1;
  46   2                              fg_4ms = 1;
  47   2                              fg_2ms = 1;
  48   2                      }
  49   1                      else if(Cnt_1ms == 4)
  50   1                      {
  51   2                              fg_4ms = 1;
  52   2                              fg_2ms = 1;
  53   2                      }
  54   1                      else if( (Cnt_1ms == 2) || (Cnt_1ms == 6) )
C51 COMPILER V9.60.0.0   INTERRUPT                                                         09/23/2022 11:52:49 PAGE 2   

  55   1                      {
  56   2                              fg_2ms = 1;
  57   2                      }
  58   1                      fg_1ms = 1;
  59   1                              No_Key_Times++;         //没按键按下1ms加一次，有按键就清零
  60   1                      if(No_Key_Times>1000)   //1S  自加累计到1000ms就清零
  61   1                      {
  62   2                              No_Key_Times=0;
  63   2                              No_Key_Times2++;
  64   2                      }
  65   1              TF2 = 0 ;
  66   1              _pop_(FLASHCON);
  67   1              _pop_(INSCON);
  68   1      }
  69          void  pwm0_ISR(void)    interrupt  8//8：中断数字序号，数字越低中断等级越高
  70          {
  71   1              _push_(INSCON);
  72   1              _push_(FLASHCON);
  73   1              Display_Mode();
  74   1              _pop_(FLASHCON);
  75   1              _pop_(INSCON);
  76   1      }
  77          void  INT4_ISR(void)    interrupt  1
  78          {
  79   1               EXF1 = 0 ;
  80   1               fg_Remote = 1;
  81   1      }
  82          
  83          void  INT3_ISR(void)    interrupt  2
  84          {
  85   1               EXF0 &= 0XFD ;
  86   1              fg_Remote = 1;
  87   1      }
  88          
  89          void  INT2_ISR(void)    interrupt  3
  90          {
  91   1               EXF0 &= 0XFE;
  92   1              fg_Remote = 1;
  93   1      }
  94          void USB_IRQ_Prog() interrupt 7
  95          {
  96   1              _push_(INSCON);
  97   1              _push_(FLASHCON);
  98   1              
  99   1              USB_QueryINT_Prog();
 100   1              
 101   1              _pop_(FLASHCON);
 102   1              _pop_(INSCON);  
 103   1              
 104   1      }
 105          
 106          void USBSOF_BT_1ms(void)
 107          {
 108   1              
 109   1      }


MODULE INFORMATION:   STATIC OVERLAYABLE
   CODE SIZE        =    303    ----
   CONSTANT SIZE    =   ----    ----
   XDATA SIZE       =   ----    ----
   PDATA SIZE       =   ----    ----
C51 COMPILER V9.60.0.0   INTERRUPT                                                         09/23/2022 11:52:49 PAGE 3   

   DATA SIZE        =      2    ----
   IDATA SIZE       =   ----    ----
   BIT SIZE         =      6    ----
END OF MODULE INFORMATION.


C51 COMPILATION COMPLETE.  0 WARNING(S),  0 ERROR(S)
