C51 COMPILER V9.60.0.0   ISP                                                               09/23/2022 11:52:50 PAGE 1   


C51 COMPILER V9.60.0.0, COMPILATION OF MODULE ISP
NO OBJECT MODULE REQUESTED
COMPILER INVOKED BY: C:\Keil_v5\C51\BIN\C51.EXE src\isp.c LARGE WARNINGLEVEL(0) OPTIMIZE(8,SPEED) BROWSE DEBUG OBJECTEXT
                    -END PRINT(.\Listings\isp.lst) SRC(.\output\isp.SRC)

line level    source

   1          void ISPJMP(void);
   2          
   3          
   4          
   5          void ISPJMP(void)
   6          {
   7   1      #pragma asm
   8   1              CLR IE.7
   9   1              MOV B, #0A5H 
  10   1              MOV A, #5AH
  11   1              LJMP            0xfF00
  12   1      #pragma endasm  
  13   1      }


MODULE INFORMATION:   STATIC OVERLAYABLE
   CODE SIZE        =     13    ----
   CONSTANT SIZE    =   ----    ----
   XDATA SIZE       =   ----    ----
   PDATA SIZE       =   ----    ----
   DATA SIZE        =   ----    ----
   IDATA SIZE       =   ----    ----
   BIT SIZE         =   ----    ----
END OF MODULE INFORMATION.


C51 COMPILATION COMPLETE.  0 WARNING(S),  0 ERROR(S)
