C51 COMPILER V9.60.0.0   PAOHENG                                                           09/23/2022 11:52:50 PAGE 1   


C51 COMPILER V9.60.0.0, COMPILATION OF MODULE PAOHENG
OBJECT MODULE PLACED IN .\output\PaoHeng.obj
COMPILER INVOKED BY: C:\Keil_v5\C51\BIN\C51.EXE src\PaoHeng.c LARGE WARNINGLEVEL(0) OPTIMIZE(8,SPEED) BROWSE DEBUG OBJEC
                    -TEXTEND PRINT(.\Listings\PaoHeng.lst) OBJECT(.\output\PaoHeng.obj)

line level    source

   1          #include "..\include\SH68F90.h"
   2          #include "..\include\stdtype.h"
   3          #include "..\include\mcu_def.h"
   4          #include "..\include\pwm_control.h"
   5          #include ".\include\Auser.h"
   6          #include "..\include\CFG.h"
   7          #include <intrins.h>
   8          #include <string.h>
   9          U8      xdata   PaoHeng_Image_Num[10];
  10          U8      xdata   Image_Num_Times[10];//5
  11          U16 xdata       b_Heng_Mode;
  12          U8      xdata   Temp_Image_Time;
  13          U8 xdata        Heng_Temp_NUM;
  14          U8 xdata        Data_10;
  15          //*******************************************
  16          void Deal_Image_Num2(U8 PaoHeng_Index)
  17          {
  18   1              U8 i,j;
  19   1              U32 i1;
  20   1              i1=0x0001;
  21   1              for(i=0;i<10;i++)               
  22   1              {
  23   2                      if((b_Heng_Mode&i1)==0)
  24   2                      {
  25   3                              Deal_Tbl_Image(PaoHeng_Index);
  26   3                              j=Deal_Down_K45_Image(Image_Num);
  27   3                              PaoHeng_Image_Num[i]=j;
  28   3                              b_Heng_Mode|=i1;
  29   3                              Image_Num_Times[i]=0;
  30   3                              break;
  31   3                      }
  32   2                      i1=i1<<1;
  33   2              }       
  34   1      }
  35          //***********************************************
  36          void Deal_Pao_Heng_Data(void)
  37          {
  38   1              U8 i,j,n;
  39   1              //for(i=0;i<6;i++)              
  40   1              if((Heng_Temp_NUM>=0)&&(Heng_Temp_NUM<=20))     
  41   1                      n=0;
  42   1              else if((Heng_Temp_NUM>=21)&&(Heng_Temp_NUM<=41))       
  43   1                      n=1;
  44   1              else if((Heng_Temp_NUM>=42)&&(Heng_Temp_NUM<=62))       
  45   1                      n=2;
  46   1              else if((Heng_Temp_NUM>=63)&&(Heng_Temp_NUM<=83))               
  47   1                      n=3;
  48   1              else if((Heng_Temp_NUM>=84)&&(Heng_Temp_NUM<=104))              
  49   1                      n=4;
  50   1              else if((Heng_Temp_NUM>=105)&&(Heng_Temp_NUM<=125))     
  51   1                      n=5;
  52   1              //LR    
  53   1              if(Temp_Image_Time==1)
  54   1              {
C51 COMPILER V9.60.0.0   PAOHENG                                                           09/23/2022 11:52:50 PAGE 2   

  55   2                      i=Heng_Temp_NUM;
  56   2                      j=Heng_Temp_NUM;
  57   2                      KeyDown_Image2(i,n);
  58   2                      KeyDown_Image2(j,n);
  59   2              }       
  60   1              {
  61   2                      i=Heng_Temp_NUM-Temp_Image_Time;
  62   2                      j=Heng_Temp_NUM+Temp_Image_Time;
  63   2                      KeyDown_Image2(i,n);
  64   2                      KeyDown_Image2(j,n);
  65   2              }
  66   1              //Up 
  67   1              if(b_Pao_Heng|b_HengMie_Mode|b_PaoMa3_Mode|b_PaoMa1_Mode)
  68   1              {
  69   2                      if(Temp_Image_Time>1)
  70   2                      {       
  71   3                              i=(Heng_Temp_NUM-21)-Temp_Image_Time+2;
  72   3                              KeyDown_Image2(i,n-1);
  73   3                              j=(Heng_Temp_NUM-21)+Temp_Image_Time-2;
  74   3                              KeyDown_Image2(j,n-1);
  75   3                              
  76   3                              i=(Heng_Temp_NUM+21)-Temp_Image_Time+2;
  77   3                              KeyDown_Image2(i,n+1);
  78   3                              j=(Heng_Temp_NUM+21)+Temp_Image_Time-2;
  79   3                              KeyDown_Image2(j,n+1);
  80   3                      }
  81   2                      if(Temp_Image_Time>2)
  82   2                      {       
  83   3                              i=(Heng_Temp_NUM-42)-Temp_Image_Time+3;
  84   3                              KeyDown_Image2(i,n-2);
  85   3                              j=(Heng_Temp_NUM-42)+Temp_Image_Time-3;
  86   3                              KeyDown_Image2(j,n-2);
  87   3                              
  88   3                              i=(Heng_Temp_NUM+42)-Temp_Image_Time+3;
  89   3                              KeyDown_Image2(i,n+2);
  90   3                              j=(Heng_Temp_NUM+42)+Temp_Image_Time-3;
  91   3                              KeyDown_Image2(j,n+2);
  92   3                      }
  93   2                      if(Temp_Image_Time>3)
  94   2                      {       
  95   3                              i=(Heng_Temp_NUM-63)-Temp_Image_Time+4;
  96   3                              KeyDown_Image2(i,n-3);
  97   3                              j=(Heng_Temp_NUM-63)+Temp_Image_Time-4;
  98   3                              KeyDown_Image2(j,n-3);
  99   3                              
 100   3                              i=(Heng_Temp_NUM+63)-Temp_Image_Time+4;
 101   3                              KeyDown_Image2(i,n+3);
 102   3                              j=(Heng_Temp_NUM+63)+Temp_Image_Time-4;
 103   3                              KeyDown_Image2(j,n+3);
 104   3                      }
 105   2                      if(Temp_Image_Time>4)
 106   2                      {       
 107   3                              i=(Heng_Temp_NUM-84)-Temp_Image_Time+5;
 108   3                              KeyDown_Image2(i,n-4);
 109   3                              j=(Heng_Temp_NUM-84)+Temp_Image_Time-5;
 110   3                              KeyDown_Image2(j,n-4);
 111   3                              
 112   3                              i=(Heng_Temp_NUM+84)-Temp_Image_Time+5;
 113   3                              KeyDown_Image2(i,n+4);
 114   3                              j=(Heng_Temp_NUM+84)+Temp_Image_Time-5;
 115   3                              KeyDown_Image2(j,n+4);
 116   3                      }
C51 COMPILER V9.60.0.0   PAOHENG                                                           09/23/2022 11:52:50 PAGE 3   

 117   2                      if(Temp_Image_Time>5)
 118   2                      {       
 119   3                              i=(Heng_Temp_NUM-105)-Temp_Image_Time+6;
 120   3                              KeyDown_Image2(i,n-5);
 121   3                              j=(Heng_Temp_NUM-105)+Temp_Image_Time-6;
 122   3                              KeyDown_Image2(j,n-5);
 123   3                              
 124   3                              i=(Heng_Temp_NUM+105)-Temp_Image_Time+6;
 125   3                              KeyDown_Image2(i,n+5);
 126   3                              j=(Heng_Temp_NUM+105)+Temp_Image_Time-6;
 127   3                              KeyDown_Image2(j,n+5);
 128   3                      }
 129   2              }
 130   1              
 131   1      }
 132          //**************************************************
 133          void Deal_Mode_5(void)
 134          {
 135   1              //U8    i,j;
 136   1              U8      i1;
 137   1              U8      i3;
 138   1              U16 i2;
 139   1              if(b_Pao_Heng|b_HangPao_Mode|b_Flower_Mode|b_HengMie_Mode)
 140   1              {
 141   2                              Temp_Speed++;   
 142   2                      if(Temp_Speed>Speed_Data+2)     
 143   2                      {
 144   3                              Temp_Speed=0;
 145   3                              i2=0x0001;      
 146   3                              for(i3=0;i3<10;i3++)            
 147   3                              {
 148   4                                      if(b_Heng_Mode&i2)
 149   4                                      {
 150   5                                              Image_Num_Times[i3]++;
 151   5                                              if(Image_Num_Times[i3]>28)
 152   5                                              {
 153   6                                                      Image_Num_Times[i3]=0;
 154   6                                                      b_Heng_Mode&=~i2;
 155   6                                                      PaoHeng_Image_Num[i3]=0;
 156   6                                              }
 157   5                                              else
 158   5                                              {
 159   6                                                      Heng_Temp_NUM=PaoHeng_Image_Num[i3];
 160   6                                                      Temp_Image_Time=Image_Num_Times[i3];
 161   6                                                      Deal_Pao_Heng_Data();
 162   6                                              }
 163   5                                      }
 164   4                                      i2=i2<<1;
 165   4                              }               
 166   3                      }
 167   2              }
 168   1      }


MODULE INFORMATION:   STATIC OVERLAYABLE
   CODE SIZE        =   1360    ----
   CONSTANT SIZE    =   ----    ----
   XDATA SIZE       =     25      13
   PDATA SIZE       =   ----    ----
   DATA SIZE        =   ----    ----
   IDATA SIZE       =   ----    ----
   BIT SIZE         =   ----    ----
C51 COMPILER V9.60.0.0   PAOHENG                                                           09/23/2022 11:52:50 PAGE 4   

END OF MODULE INFORMATION.


C51 COMPILATION COMPLETE.  0 WARNING(S),  0 ERROR(S)
