C51 COMPILER V9.60.0.0   WHEEL                                                             09/23/2022 11:52:51 PAGE 1   


C51 COMPILER V9.60.0.0, COMPILATION OF MODULE WHEEL
OBJECT MODULE PLACED IN .\output\wheel.obj
COMPILER INVOKED BY: C:\Keil_v5\C51\BIN\C51.EXE src\wheel.c LARGE WARNINGLEVEL(0) OPTIMIZE(8,SPEED) BROWSE DEBUG OBJECTE
                    -XTEND PRINT(.\Listings\wheel.lst) OBJECT(.\output\wheel.obj)

line level    source

   1          #include "..\include\SH68F90.h"
   2          #include "..\include\stdtype.h"
   3          #include "..\include\CFG.h"
   4          #include "..\include\Auser.h"
   5          #include "..\include\pwm_control.h"
   6          #include "..\include\mcu_def.h"
   7          #include <intrins.h>
   8          #include <string.h>
   9          
  10          U8 bdata wheel_now;
  11                  sbit  wheel_now1 = wheel_now ^ 0;
  12                  sbit  wheel_now2 = wheel_now ^ 1; 
  13          U8 idata wheel_pre;
  14          U8 idata wheel_status;
  15          U8 xdata        Multimedia_Wheel_Data;
  16          U8 xdata        Multimedia_Wheel_Data2;
  17          
  18          U8 data Multimedia_Add;
  19          U8 data Multimedia_Sub;
  20          void Wheel_Check(void)
  21          {
  22   1              
  23   1              WHEEL_DirIn;    // wheel direction input
  24   1              WHEEL_PullEn;   // enable wheel pull high 
  25   1              delay_us(5);
  26   1              wheel_now = 0x00;
  27   1              Multimedia_Wheel_Data=0x00;
  28   1                      wheel_now1 = WHEEL1;
  29   1                      wheel_now2 = WHEEL2;
  30   1                      if(wheel_now != wheel_pre)
  31   1                      {
  32   2                              wheel_status = ((wheel_status << 2) & 0x3C) | (wheel_now & 0x03);
  33   2                              switch(wheel_status)
  34   2                              {
  35   3                                      case 0x38:
  36   3                                      case 0x07:
  37   3                                                      Multimedia_Wheel_Data=0xE9;
  38   3                                                      break;
  39   3                                      case 0x34:
  40   3                                      case 0x0b:
  41   3                                                      Multimedia_Wheel_Data=0xEA;
  42   3                                                      break;
  43   3                              }
  44   2                              wheel_pre = wheel_now;
  45   2                      }
  46   1      
  47   1                      if(Multimedia_Wheel_Data!=Multimedia_Wheel_Data2)
  48   1                      {
  49   2                              if(Multimedia_Wheel_Data==0xEA)
  50   2                                      {
  51   3                                              Multimedia_Sub++;       //Brightness_Sub();
  52   3                                      }       
  53   2                                      else if(Multimedia_Wheel_Data==0xE9)
  54   2                                      {
C51 COMPILER V9.60.0.0   WHEEL                                                             09/23/2022 11:52:51 PAGE 2   

  55   3                                              Multimedia_Add++;       //Brightness_Add();
  56   3                                      }
  57   2                      }
  58   1      } 
  59          void Deal_Wheel(void)//鼠标滚轮控制音量大小
  60          {
  61   1              if(Multimedia_Add)
  62   1              {
  63   2                      Multimedia_Add--;
  64   2                      Multimedia_Tab_Data(5);//增大音量
  65   2              }
  66   1              else if(Multimedia_Sub)
  67   1              {
  68   2                      Multimedia_Sub--;
  69   2                      Multimedia_Tab_Data(6);//减小音量
  70   2              }
  71   1      }
  72          


MODULE INFORMATION:   STATIC OVERLAYABLE
   CODE SIZE        =    139    ----
   CONSTANT SIZE    =   ----    ----
   XDATA SIZE       =      2    ----
   PDATA SIZE       =   ----    ----
   DATA SIZE        =      3    ----
   IDATA SIZE       =      2    ----
   BIT SIZE         =   ----    ----
END OF MODULE INFORMATION.


C51 COMPILATION COMPLETE.  0 WARNING(S),  0 ERROR(S)
